The system is: Linux - 3.10.0-1127.19.1.el7.x86_64 - x86_64
Compiling the C compiler identification source file "CMakeCCompilerId.c" succeeded.
Compiler: /cluster/spack/apps/linux-centos7-x86_64/gcc-4.8.5/gcc-7.1.0-6ulpdnwxmmaxihax7m4tkbuo63dvwzfe/bin/gcc 
Build flags: 
Id flags:  

The output was:
0


Compilation of the C compiler identification source "CMakeCCompilerId.c" produced "a.out"

The C compiler identification is GNU, found in "/cluster/home/ajoudaki/Project2020-seq-tensor-sketching/build/CMakeFiles/3.13.4/CompilerIdC/a.out"

Compiling the CXX compiler identification source file "CMakeCXXCompilerId.cpp" succeeded.
Compiler: /cluster/spack/apps/linux-centos7-x86_64/gcc-4.8.5/gcc-7.1.0-6ulpdnwxmmaxihax7m4tkbuo63dvwzfe/bin/g++ 
Build flags: 
Id flags:  

The output was:
0


Compilation of the CXX compiler identification source "CMakeCXXCompilerId.cpp" produced "a.out"

The CXX compiler identification is GNU, found in "/cluster/home/ajoudaki/Project2020-seq-tensor-sketching/build/CMakeFiles/3.13.4/CompilerIdCXX/a.out"

Determining if the C compiler works passed with the following output:
Change Dir: /cluster/home/ajoudaki/Project2020-seq-tensor-sketching/build/CMakeFiles/CMakeTmp

Run Build Command:"/cluster/apps/sfos/bin/gmake" "cmTC_61248/fast"
/cluster/apps/sfos/bin/gmake -f CMakeFiles/cmTC_61248.dir/build.make CMakeFiles/cmTC_61248.dir/build
gmake[1]: Entering directory '/cluster/home/ajoudaki/Project2020-seq-tensor-sketching/build/CMakeFiles/CMakeTmp'
Building C object CMakeFiles/cmTC_61248.dir/testCCompiler.c.o
/cluster/spack/apps/linux-centos7-x86_64/gcc-4.8.5/gcc-7.1.0-6ulpdnwxmmaxihax7m4tkbuo63dvwzfe/bin/gcc    -o CMakeFiles/cmTC_61248.dir/testCCompiler.c.o   -c /cluster/home/ajoudaki/Project2020-seq-tensor-sketching/build/CMakeFiles/CMakeTmp/testCCompiler.c
Linking C executable cmTC_61248
/cluster/apps/gcc-7.1.0/cmake-3.13.4-rjqpqkmi6c6t6vam7hgichlw6jy3yfrj/bin/cmake -E cmake_link_script CMakeFiles/cmTC_61248.dir/link.txt --verbose=1
/cluster/spack/apps/linux-centos7-x86_64/gcc-4.8.5/gcc-7.1.0-6ulpdnwxmmaxihax7m4tkbuo63dvwzfe/bin/gcc      CMakeFiles/cmTC_61248.dir/testCCompiler.c.o  -o cmTC_61248 
gmake[1]: Leaving directory '/cluster/home/ajoudaki/Project2020-seq-tensor-sketching/build/CMakeFiles/CMakeTmp'


Detecting C compiler ABI info compiled with the following output:
Change Dir: /cluster/home/ajoudaki/Project2020-seq-tensor-sketching/build/CMakeFiles/CMakeTmp

Run Build Command:"/cluster/apps/sfos/bin/gmake" "cmTC_2e5f1/fast"
/cluster/apps/sfos/bin/gmake -f CMakeFiles/cmTC_2e5f1.dir/build.make CMakeFiles/cmTC_2e5f1.dir/build
gmake[1]: Entering directory '/cluster/home/ajoudaki/Project2020-seq-tensor-sketching/build/CMakeFiles/CMakeTmp'
Building C object CMakeFiles/cmTC_2e5f1.dir/CMakeCCompilerABI.c.o
/cluster/spack/apps/linux-centos7-x86_64/gcc-4.8.5/gcc-7.1.0-6ulpdnwxmmaxihax7m4tkbuo63dvwzfe/bin/gcc    -o CMakeFiles/cmTC_2e5f1.dir/CMakeCCompilerABI.c.o   -c /cluster/apps/gcc-7.1.0/cmake-3.13.4-rjqpqkmi6c6t6vam7hgichlw6jy3yfrj/share/cmake-3.13/Modules/CMakeCCompilerABI.c
Linking C executable cmTC_2e5f1
/cluster/apps/gcc-7.1.0/cmake-3.13.4-rjqpqkmi6c6t6vam7hgichlw6jy3yfrj/bin/cmake -E cmake_link_script CMakeFiles/cmTC_2e5f1.dir/link.txt --verbose=1
/cluster/spack/apps/linux-centos7-x86_64/gcc-4.8.5/gcc-7.1.0-6ulpdnwxmmaxihax7m4tkbuo63dvwzfe/bin/gcc     -v CMakeFiles/cmTC_2e5f1.dir/CMakeCCompilerABI.c.o  -o cmTC_2e5f1 
Reading specs from /cluster/spack/apps/linux-centos7-x86_64/gcc-4.8.5/gcc-7.1.0-6ulpdnwxmmaxihax7m4tkbuo63dvwzfe/lib/gcc/x86_64-pc-linux-gnu/7.1.0/specs
COLLECT_GCC=/cluster/spack/apps/linux-centos7-x86_64/gcc-4.8.5/gcc-7.1.0-6ulpdnwxmmaxihax7m4tkbuo63dvwzfe/bin/gcc
COLLECT_LTO_WRAPPER=/cluster/spack/apps/linux-centos7-x86_64/gcc-4.8.5/gcc-7.1.0-6ulpdnwxmmaxihax7m4tkbuo63dvwzfe/libexec/gcc/x86_64-pc-linux-gnu/7.1.0/lto-wrapper
Target: x86_64-pc-linux-gnu
Configured with: /cluster/apps/spack/var/spack/stage/gcc-7.1.0-6ulpdnwxmmaxihax7m4tkbuo63dvwzfe/gcc-7.1.0/configure --prefix=/cluster/spack/apps/linux-centos7-x86_64/gcc-4.8.5/gcc-7.1.0-6ulpdnwxmmaxihax7m4tkbuo63dvwzfe --disable-multilib --enable-languages=all --with-mpfr=/cluster/spack/apps/linux-centos7-x86_64/gcc-4.8.5/mpfr-3.1.5-onlprikzdiqwkc45vj6yzwpun45jpxbt --with-gmp=/cluster/spack/apps/linux-centos7-x86_64/gcc-4.8.5/gmp-6.1.2-h2vp4zosdrgcjti3wmvhycukz5o35a22 --enable-lto --with-quad --with-system-zlib --with-mpc=/cluster/spack/apps/linux-centos7-x86_64/gcc-4.8.5/mpc-1.0.3-kf4gntilfzqnjhway5ed4uchwsbivkp5 --with-isl=/cluster/spack/apps/linux-centos7-x86_64/gcc-4.8.5/isl-0.18-fr6h4gdx2jibxvty75rjct5zhws7vmn7
Thread model: posix
gcc version 7.1.0 (GCC) 
COMPILER_PATH=/cluster/spack/apps/linux-centos7-x86_64/gcc-4.8.5/gcc-7.1.0-6ulpdnwxmmaxihax7m4tkbuo63dvwzfe/libexec/gcc/x86_64-pc-linux-gnu/7.1.0/:/cluster/spack/apps/linux-centos7-x86_64/gcc-4.8.5/gcc-7.1.0-6ulpdnwxmmaxihax7m4tkbuo63dvwzfe/libexec/gcc/x86_64-pc-linux-gnu/7.1.0/:/cluster/spack/apps/linux-centos7-x86_64/gcc-4.8.5/gcc-7.1.0-6ulpdnwxmmaxihax7m4tkbuo63dvwzfe/libexec/gcc/x86_64-pc-linux-gnu/:/cluster/spack/apps/linux-centos7-x86_64/gcc-4.8.5/gcc-7.1.0-6ulpdnwxmmaxihax7m4tkbuo63dvwzfe/lib/gcc/x86_64-pc-linux-gnu/7.1.0/:/cluster/spack/apps/linux-centos7-x86_64/gcc-4.8.5/gcc-7.1.0-6ulpdnwxmmaxihax7m4tkbuo63dvwzfe/lib/gcc/x86_64-pc-linux-gnu/
LIBRARY_PATH=/cluster/spack/apps/linux-centos7-x86_64/gcc-4.8.5/gcc-7.1.0-6ulpdnwxmmaxihax7m4tkbuo63dvwzfe/lib64/../lib64/:/cluster/spack/apps/linux-centos7-x86_64/gcc-4.8.5/gcc-7.1.0-6ulpdnwxmmaxihax7m4tkbuo63dvwzfe/lib/../lib64/:/cluster/spack/apps/linux-centos7-x86_64/gcc-4.8.5/gcc-7.1.0-6ulpdnwxmmaxihax7m4tkbuo63dvwzfe/lib/gcc/x86_64-pc-linux-gnu/7.1.0/:/cluster/spack/apps/linux-centos7-x86_64/gcc-4.8.5/gcc-7.1.0-6ulpdnwxmmaxihax7m4tkbuo63dvwzfe/lib/gcc/x86_64-pc-linux-gnu/7.1.0/../../../../lib64/:/lib/../lib64/:/usr/lib/../lib64/:/cluster/apps/gcc-7.1.0/jdk-8u141-b15-rz3kwwxuotdbmll3nirjs3nyyniqm3ov/lib/:/cluster/spack/apps/linux-centos7-x86_64/gcc-4.8.5/gcc-7.1.0-6ulpdnwxmmaxihax7m4tkbuo63dvwzfe/lib64/:/cluster/spack/apps/linux-centos7-x86_64/gcc-4.8.5/gcc-7.1.0-6ulpdnwxmmaxihax7m4tkbuo63dvwzfe/lib/:/cluster/spack/apps/linux-centos7-x86_64/gcc-4.8.5/gcc-7.1.0-6ulpdnwxmmaxihax7m4tkbuo63dvwzfe/lib/gcc/x86_64-pc-linux-gnu/7.1.0/../../../:/lib/:/usr/lib/
COLLECT_GCC_OPTIONS='-v' '-o' 'cmTC_2e5f1' '-mtune=generic' '-march=x86-64'
 /cluster/spack/apps/linux-centos7-x86_64/gcc-4.8.5/gcc-7.1.0-6ulpdnwxmmaxihax7m4tkbuo63dvwzfe/libexec/gcc/x86_64-pc-linux-gnu/7.1.0/collect2 -plugin /cluster/spack/apps/linux-centos7-x86_64/gcc-4.8.5/gcc-7.1.0-6ulpdnwxmmaxihax7m4tkbuo63dvwzfe/libexec/gcc/x86_64-pc-linux-gnu/7.1.0/liblto_plugin.so -plugin-opt=/cluster/spack/apps/linux-centos7-x86_64/gcc-4.8.5/gcc-7.1.0-6ulpdnwxmmaxihax7m4tkbuo63dvwzfe/libexec/gcc/x86_64-pc-linux-gnu/7.1.0/lto-wrapper -plugin-opt=-fresolution=/tmp/ccprL6mn.res -plugin-opt=-pass-through=-lgcc -plugin-opt=-pass-through=-lgcc_s -plugin-opt=-pass-through=-lc -plugin-opt=-pass-through=-lgcc -plugin-opt=-pass-through=-lgcc_s -rpath /cluster/spack/apps/linux-centos7-x86_64/gcc-4.8.5/gcc-7.1.0-6ulpdnwxmmaxihax7m4tkbuo63dvwzfe/lib:/cluster/spack/apps/linux-centos7-x86_64/gcc-4.8.5/gcc-7.1.0-6ulpdnwxmmaxihax7m4tkbuo63dvwzfe/lib64 --eh-frame-hdr -m elf_x86_64 -dynamic-linker /lib64/ld-linux-x86-64.so.2 -o cmTC_2e5f1 /lib/../lib64/crt1.o /lib/../lib64/crti.o /cluster/spack/apps/linux-centos7-x86_64/gcc-4.8.5/gcc-7.1.0-6ulpdnwxmmaxihax7m4tkbuo63dvwzfe/lib/gcc/x86_64-pc-linux-gnu/7.1.0/crtbegin.o -L/cluster/spack/apps/linux-centos7-x86_64/gcc-4.8.5/gcc-7.1.0-6ulpdnwxmmaxihax7m4tkbuo63dvwzfe/lib64/../lib64 -L/cluster/spack/apps/linux-centos7-x86_64/gcc-4.8.5/gcc-7.1.0-6ulpdnwxmmaxihax7m4tkbuo63dvwzfe/lib/../lib64 -L/cluster/spack/apps/linux-centos7-x86_64/gcc-4.8.5/gcc-7.1.0-6ulpdnwxmmaxihax7m4tkbuo63dvwzfe/lib/gcc/x86_64-pc-linux-gnu/7.1.0 -L/cluster/spack/apps/linux-centos7-x86_64/gcc-4.8.5/gcc-7.1.0-6ulpdnwxmmaxihax7m4tkbuo63dvwzfe/lib/gcc/x86_64-pc-linux-gnu/7.1.0/../../../../lib64 -L/lib/../lib64 -L/usr/lib/../lib64 -L/cluster/apps/gcc-7.1.0/jdk-8u141-b15-rz3kwwxuotdbmll3nirjs3nyyniqm3ov/lib -L/cluster/spack/apps/linux-centos7-x86_64/gcc-4.8.5/gcc-7.1.0-6ulpdnwxmmaxihax7m4tkbuo63dvwzfe/lib64 -L/cluster/spack/apps/linux-centos7-x86_64/gcc-4.8.5/gcc-7.1.0-6ulpdnwxmmaxihax7m4tkbuo63dvwzfe/lib -L/cluster/spack/apps/linux-centos7-x86_64/gcc-4.8.5/gcc-7.1.0-6ulpdnwxmmaxihax7m4tkbuo63dvwzfe/lib/gcc/x86_64-pc-linux-gnu/7.1.0/../../.. CMakeFiles/cmTC_2e5f1.dir/CMakeCCompilerABI.c.o -lgcc --as-needed -lgcc_s --no-as-needed -lc -lgcc --as-needed -lgcc_s --no-as-needed /cluster/spack/apps/linux-centos7-x86_64/gcc-4.8.5/gcc-7.1.0-6ulpdnwxmmaxihax7m4tkbuo63dvwzfe/lib/gcc/x86_64-pc-linux-gnu/7.1.0/crtend.o /lib/../lib64/crtn.o
COLLECT_GCC_OPTIONS='-v' '-o' 'cmTC_2e5f1' '-mtune=generic' '-march=x86-64'
gmake[1]: Leaving directory '/cluster/home/ajoudaki/Project2020-seq-tensor-sketching/build/CMakeFiles/CMakeTmp'


Parsed C implicit link information from above output:
  link line regex: [^( *|.*[/\])(ld|CMAKE_LINK_STARTFILE-NOTFOUND|([^/\]+-)?ld|collect2)[^/\]*( |$)]
  ignore line: [Change Dir: /cluster/home/ajoudaki/Project2020-seq-tensor-sketching/build/CMakeFiles/CMakeTmp]
  ignore line: []
  ignore line: [Run Build Command:"/cluster/apps/sfos/bin/gmake" "cmTC_2e5f1/fast"]
  ignore line: [/cluster/apps/sfos/bin/gmake -f CMakeFiles/cmTC_2e5f1.dir/build.make CMakeFiles/cmTC_2e5f1.dir/build]
  ignore line: [gmake[1]: Entering directory '/cluster/home/ajoudaki/Project2020-seq-tensor-sketching/build/CMakeFiles/CMakeTmp']
  ignore line: [Building C object CMakeFiles/cmTC_2e5f1.dir/CMakeCCompilerABI.c.o]
  ignore line: [/cluster/spack/apps/linux-centos7-x86_64/gcc-4.8.5/gcc-7.1.0-6ulpdnwxmmaxihax7m4tkbuo63dvwzfe/bin/gcc    -o CMakeFiles/cmTC_2e5f1.dir/CMakeCCompilerABI.c.o   -c /cluster/apps/gcc-7.1.0/cmake-3.13.4-rjqpqkmi6c6t6vam7hgichlw6jy3yfrj/share/cmake-3.13/Modules/CMakeCCompilerABI.c]
  ignore line: [Linking C executable cmTC_2e5f1]
  ignore line: [/cluster/apps/gcc-7.1.0/cmake-3.13.4-rjqpqkmi6c6t6vam7hgichlw6jy3yfrj/bin/cmake -E cmake_link_script CMakeFiles/cmTC_2e5f1.dir/link.txt --verbose=1]
  ignore line: [/cluster/spack/apps/linux-centos7-x86_64/gcc-4.8.5/gcc-7.1.0-6ulpdnwxmmaxihax7m4tkbuo63dvwzfe/bin/gcc     -v CMakeFiles/cmTC_2e5f1.dir/CMakeCCompilerABI.c.o  -o cmTC_2e5f1 ]
  ignore line: [Reading specs from /cluster/spack/apps/linux-centos7-x86_64/gcc-4.8.5/gcc-7.1.0-6ulpdnwxmmaxihax7m4tkbuo63dvwzfe/lib/gcc/x86_64-pc-linux-gnu/7.1.0/specs]
  ignore line: [COLLECT_GCC=/cluster/spack/apps/linux-centos7-x86_64/gcc-4.8.5/gcc-7.1.0-6ulpdnwxmmaxihax7m4tkbuo63dvwzfe/bin/gcc]
  ignore line: [COLLECT_LTO_WRAPPER=/cluster/spack/apps/linux-centos7-x86_64/gcc-4.8.5/gcc-7.1.0-6ulpdnwxmmaxihax7m4tkbuo63dvwzfe/libexec/gcc/x86_64-pc-linux-gnu/7.1.0/lto-wrapper]
  ignore line: [Target: x86_64-pc-linux-gnu]
  ignore line: [Configured with: /cluster/apps/spack/var/spack/stage/gcc-7.1.0-6ulpdnwxmmaxihax7m4tkbuo63dvwzfe/gcc-7.1.0/configure --prefix=/cluster/spack/apps/linux-centos7-x86_64/gcc-4.8.5/gcc-7.1.0-6ulpdnwxmmaxihax7m4tkbuo63dvwzfe --disable-multilib --enable-languages=all --with-mpfr=/cluster/spack/apps/linux-centos7-x86_64/gcc-4.8.5/mpfr-3.1.5-onlprikzdiqwkc45vj6yzwpun45jpxbt --with-gmp=/cluster/spack/apps/linux-centos7-x86_64/gcc-4.8.5/gmp-6.1.2-h2vp4zosdrgcjti3wmvhycukz5o35a22 --enable-lto --with-quad --with-system-zlib --with-mpc=/cluster/spack/apps/linux-centos7-x86_64/gcc-4.8.5/mpc-1.0.3-kf4gntilfzqnjhway5ed4uchwsbivkp5 --with-isl=/cluster/spack/apps/linux-centos7-x86_64/gcc-4.8.5/isl-0.18-fr6h4gdx2jibxvty75rjct5zhws7vmn7]
  ignore line: [Thread model: posix]
  ignore line: [gcc version 7.1.0 (GCC) ]
  ignore line: [COMPILER_PATH=/cluster/spack/apps/linux-centos7-x86_64/gcc-4.8.5/gcc-7.1.0-6ulpdnwxmmaxihax7m4tkbuo63dvwzfe/libexec/gcc/x86_64-pc-linux-gnu/7.1.0/:/cluster/spack/apps/linux-centos7-x86_64/gcc-4.8.5/gcc-7.1.0-6ulpdnwxmmaxihax7m4tkbuo63dvwzfe/libexec/gcc/x86_64-pc-linux-gnu/7.1.0/:/cluster/spack/apps/linux-centos7-x86_64/gcc-4.8.5/gcc-7.1.0-6ulpdnwxmmaxihax7m4tkbuo63dvwzfe/libexec/gcc/x86_64-pc-linux-gnu/:/cluster/spack/apps/linux-centos7-x86_64/gcc-4.8.5/gcc-7.1.0-6ulpdnwxmmaxihax7m4tkbuo63dvwzfe/lib/gcc/x86_64-pc-linux-gnu/7.1.0/:/cluster/spack/apps/linux-centos7-x86_64/gcc-4.8.5/gcc-7.1.0-6ulpdnwxmmaxihax7m4tkbuo63dvwzfe/lib/gcc/x86_64-pc-linux-gnu/]
  ignore line: [LIBRARY_PATH=/cluster/spack/apps/linux-centos7-x86_64/gcc-4.8.5/gcc-7.1.0-6ulpdnwxmmaxihax7m4tkbuo63dvwzfe/lib64/../lib64/:/cluster/spack/apps/linux-centos7-x86_64/gcc-4.8.5/gcc-7.1.0-6ulpdnwxmmaxihax7m4tkbuo63dvwzfe/lib/../lib64/:/cluster/spack/apps/linux-centos7-x86_64/gcc-4.8.5/gcc-7.1.0-6ulpdnwxmmaxihax7m4tkbuo63dvwzfe/lib/gcc/x86_64-pc-linux-gnu/7.1.0/:/cluster/spack/apps/linux-centos7-x86_64/gcc-4.8.5/gcc-7.1.0-6ulpdnwxmmaxihax7m4tkbuo63dvwzfe/lib/gcc/x86_64-pc-linux-gnu/7.1.0/../../../../lib64/:/lib/../lib64/:/usr/lib/../lib64/:/cluster/apps/gcc-7.1.0/jdk-8u141-b15-rz3kwwxuotdbmll3nirjs3nyyniqm3ov/lib/:/cluster/spack/apps/linux-centos7-x86_64/gcc-4.8.5/gcc-7.1.0-6ulpdnwxmmaxihax7m4tkbuo63dvwzfe/lib64/:/cluster/spack/apps/linux-centos7-x86_64/gcc-4.8.5/gcc-7.1.0-6ulpdnwxmmaxihax7m4tkbuo63dvwzfe/lib/:/cluster/spack/apps/linux-centos7-x86_64/gcc-4.8.5/gcc-7.1.0-6ulpdnwxmmaxihax7m4tkbuo63dvwzfe/lib/gcc/x86_64-pc-linux-gnu/7.1.0/../../../:/lib/:/usr/lib/]
  ignore line: [COLLECT_GCC_OPTIONS='-v' '-o' 'cmTC_2e5f1' '-mtune=generic' '-march=x86-64']
  link line: [ /cluster/spack/apps/linux-centos7-x86_64/gcc-4.8.5/gcc-7.1.0-6ulpdnwxmmaxihax7m4tkbuo63dvwzfe/libexec/gcc/x86_64-pc-linux-gnu/7.1.0/collect2 -plugin /cluster/spack/apps/linux-centos7-x86_64/gcc-4.8.5/gcc-7.1.0-6ulpdnwxmmaxihax7m4tkbuo63dvwzfe/libexec/gcc/x86_64-pc-linux-gnu/7.1.0/liblto_plugin.so -plugin-opt=/cluster/spack/apps/linux-centos7-x86_64/gcc-4.8.5/gcc-7.1.0-6ulpdnwxmmaxihax7m4tkbuo63dvwzfe/libexec/gcc/x86_64-pc-linux-gnu/7.1.0/lto-wrapper -plugin-opt=-fresolution=/tmp/ccprL6mn.res -plugin-opt=-pass-through=-lgcc -plugin-opt=-pass-through=-lgcc_s -plugin-opt=-pass-through=-lc -plugin-opt=-pass-through=-lgcc -plugin-opt=-pass-through=-lgcc_s -rpath /cluster/spack/apps/linux-centos7-x86_64/gcc-4.8.5/gcc-7.1.0-6ulpdnwxmmaxihax7m4tkbuo63dvwzfe/lib:/cluster/spack/apps/linux-centos7-x86_64/gcc-4.8.5/gcc-7.1.0-6ulpdnwxmmaxihax7m4tkbuo63dvwzfe/lib64 --eh-frame-hdr -m elf_x86_64 -dynamic-linker /lib64/ld-linux-x86-64.so.2 -o cmTC_2e5f1 /lib/../lib64/crt1.o /lib/../lib64/crti.o /cluster/spack/apps/linux-centos7-x86_64/gcc-4.8.5/gcc-7.1.0-6ulpdnwxmmaxihax7m4tkbuo63dvwzfe/lib/gcc/x86_64-pc-linux-gnu/7.1.0/crtbegin.o -L/cluster/spack/apps/linux-centos7-x86_64/gcc-4.8.5/gcc-7.1.0-6ulpdnwxmmaxihax7m4tkbuo63dvwzfe/lib64/../lib64 -L/cluster/spack/apps/linux-centos7-x86_64/gcc-4.8.5/gcc-7.1.0-6ulpdnwxmmaxihax7m4tkbuo63dvwzfe/lib/../lib64 -L/cluster/spack/apps/linux-centos7-x86_64/gcc-4.8.5/gcc-7.1.0-6ulpdnwxmmaxihax7m4tkbuo63dvwzfe/lib/gcc/x86_64-pc-linux-gnu/7.1.0 -L/cluster/spack/apps/linux-centos7-x86_64/gcc-4.8.5/gcc-7.1.0-6ulpdnwxmmaxihax7m4tkbuo63dvwzfe/lib/gcc/x86_64-pc-linux-gnu/7.1.0/../../../../lib64 -L/lib/../lib64 -L/usr/lib/../lib64 -L/cluster/apps/gcc-7.1.0/jdk-8u141-b15-rz3kwwxuotdbmll3nirjs3nyyniqm3ov/lib -L/cluster/spack/apps/linux-centos7-x86_64/gcc-4.8.5/gcc-7.1.0-6ulpdnwxmmaxihax7m4tkbuo63dvwzfe/lib64 -L/cluster/spack/apps/linux-centos7-x86_64/gcc-4.8.5/gcc-7.1.0-6ulpdnwxmmaxihax7m4tkbuo63dvwzfe/lib -L/cluster/spack/apps/linux-centos7-x86_64/gcc-4.8.5/gcc-7.1.0-6ulpdnwxmmaxihax7m4tkbuo63dvwzfe/lib/gcc/x86_64-pc-linux-gnu/7.1.0/../../.. CMakeFiles/cmTC_2e5f1.dir/CMakeCCompilerABI.c.o -lgcc --as-needed -lgcc_s --no-as-needed -lc -lgcc --as-needed -lgcc_s --no-as-needed /cluster/spack/apps/linux-centos7-x86_64/gcc-4.8.5/gcc-7.1.0-6ulpdnwxmmaxihax7m4tkbuo63dvwzfe/lib/gcc/x86_64-pc-linux-gnu/7.1.0/crtend.o /lib/../lib64/crtn.o]
    arg [/cluster/spack/apps/linux-centos7-x86_64/gcc-4.8.5/gcc-7.1.0-6ulpdnwxmmaxihax7m4tkbuo63dvwzfe/libexec/gcc/x86_64-pc-linux-gnu/7.1.0/collect2] ==> ignore
    arg [-plugin] ==> ignore
    arg [/cluster/spack/apps/linux-centos7-x86_64/gcc-4.8.5/gcc-7.1.0-6ulpdnwxmmaxihax7m4tkbuo63dvwzfe/libexec/gcc/x86_64-pc-linux-gnu/7.1.0/liblto_plugin.so] ==> ignore
    arg [-plugin-opt=/cluster/spack/apps/linux-centos7-x86_64/gcc-4.8.5/gcc-7.1.0-6ulpdnwxmmaxihax7m4tkbuo63dvwzfe/libexec/gcc/x86_64-pc-linux-gnu/7.1.0/lto-wrapper] ==> ignore
    arg [-plugin-opt=-fresolution=/tmp/ccprL6mn.res] ==> ignore
    arg [-plugin-opt=-pass-through=-lgcc] ==> ignore
    arg [-plugin-opt=-pass-through=-lgcc_s] ==> ignore
    arg [-plugin-opt=-pass-through=-lc] ==> ignore
    arg [-plugin-opt=-pass-through=-lgcc] ==> ignore
    arg [-plugin-opt=-pass-through=-lgcc_s] ==> ignore
    arg [-rpath] ==> ignore
    arg [/cluster/spack/apps/linux-centos7-x86_64/gcc-4.8.5/gcc-7.1.0-6ulpdnwxmmaxihax7m4tkbuo63dvwzfe/lib:/cluster/spack/apps/linux-centos7-x86_64/gcc-4.8.5/gcc-7.1.0-6ulpdnwxmmaxihax7m4tkbuo63dvwzfe/lib64] ==> ignore
    arg [--eh-frame-hdr] ==> ignore
    arg [-m] ==> ignore
    arg [elf_x86_64] ==> ignore
    arg [-dynamic-linker] ==> ignore
    arg [/lib64/ld-linux-x86-64.so.2] ==> ignore
    arg [-o] ==> ignore
    arg [cmTC_2e5f1] ==> ignore
    arg [/lib/../lib64/crt1.o] ==> ignore
    arg [/lib/../lib64/crti.o] ==> ignore
    arg [/cluster/spack/apps/linux-centos7-x86_64/gcc-4.8.5/gcc-7.1.0-6ulpdnwxmmaxihax7m4tkbuo63dvwzfe/lib/gcc/x86_64-pc-linux-gnu/7.1.0/crtbegin.o] ==> ignore
    arg [-L/cluster/spack/apps/linux-centos7-x86_64/gcc-4.8.5/gcc-7.1.0-6ulpdnwxmmaxihax7m4tkbuo63dvwzfe/lib64/../lib64] ==> dir [/cluster/spack/apps/linux-centos7-x86_64/gcc-4.8.5/gcc-7.1.0-6ulpdnwxmmaxihax7m4tkbuo63dvwzfe/lib64/../lib64]
    arg [-L/cluster/spack/apps/linux-centos7-x86_64/gcc-4.8.5/gcc-7.1.0-6ulpdnwxmmaxihax7m4tkbuo63dvwzfe/lib/../lib64] ==> dir [/cluster/spack/apps/linux-centos7-x86_64/gcc-4.8.5/gcc-7.1.0-6ulpdnwxmmaxihax7m4tkbuo63dvwzfe/lib/../lib64]
    arg [-L/cluster/spack/apps/linux-centos7-x86_64/gcc-4.8.5/gcc-7.1.0-6ulpdnwxmmaxihax7m4tkbuo63dvwzfe/lib/gcc/x86_64-pc-linux-gnu/7.1.0] ==> dir [/cluster/spack/apps/linux-centos7-x86_64/gcc-4.8.5/gcc-7.1.0-6ulpdnwxmmaxihax7m4tkbuo63dvwzfe/lib/gcc/x86_64-pc-linux-gnu/7.1.0]
    arg [-L/cluster/spack/apps/linux-centos7-x86_64/gcc-4.8.5/gcc-7.1.0-6ulpdnwxmmaxihax7m4tkbuo63dvwzfe/lib/gcc/x86_64-pc-linux-gnu/7.1.0/../../../../lib64] ==> dir [/cluster/spack/apps/linux-centos7-x86_64/gcc-4.8.5/gcc-7.1.0-6ulpdnwxmmaxihax7m4tkbuo63dvwzfe/lib/gcc/x86_64-pc-linux-gnu/7.1.0/../../../../lib64]
    arg [-L/lib/../lib64] ==> dir [/lib/../lib64]
    arg [-L/usr/lib/../lib64] ==> dir [/usr/lib/../lib64]
    arg [-L/cluster/apps/gcc-7.1.0/jdk-8u141-b15-rz3kwwxuotdbmll3nirjs3nyyniqm3ov/lib] ==> dir [/cluster/apps/gcc-7.1.0/jdk-8u141-b15-rz3kwwxuotdbmll3nirjs3nyyniqm3ov/lib]
    arg [-L/cluster/spack/apps/linux-centos7-x86_64/gcc-4.8.5/gcc-7.1.0-6ulpdnwxmmaxihax7m4tkbuo63dvwzfe/lib64] ==> dir [/cluster/spack/apps/linux-centos7-x86_64/gcc-4.8.5/gcc-7.1.0-6ulpdnwxmmaxihax7m4tkbuo63dvwzfe/lib64]
    arg [-L/cluster/spack/apps/linux-centos7-x86_64/gcc-4.8.5/gcc-7.1.0-6ulpdnwxmmaxihax7m4tkbuo63dvwzfe/lib] ==> dir [/cluster/spack/apps/linux-centos7-x86_64/gcc-4.8.5/gcc-7.1.0-6ulpdnwxmmaxihax7m4tkbuo63dvwzfe/lib]
    arg [-L/cluster/spack/apps/linux-centos7-x86_64/gcc-4.8.5/gcc-7.1.0-6ulpdnwxmmaxihax7m4tkbuo63dvwzfe/lib/gcc/x86_64-pc-linux-gnu/7.1.0/../../..] ==> dir [/cluster/spack/apps/linux-centos7-x86_64/gcc-4.8.5/gcc-7.1.0-6ulpdnwxmmaxihax7m4tkbuo63dvwzfe/lib/gcc/x86_64-pc-linux-gnu/7.1.0/../../..]
    arg [CMakeFiles/cmTC_2e5f1.dir/CMakeCCompilerABI.c.o] ==> ignore
    arg [-lgcc] ==> lib [gcc]
    arg [--as-needed] ==> ignore
    arg [-lgcc_s] ==> lib [gcc_s]
    arg [--no-as-needed] ==> ignore
    arg [-lc] ==> lib [c]
    arg [-lgcc] ==> lib [gcc]
    arg [--as-needed] ==> ignore
    arg [-lgcc_s] ==> lib [gcc_s]
    arg [--no-as-needed] ==> ignore
    arg [/cluster/spack/apps/linux-centos7-x86_64/gcc-4.8.5/gcc-7.1.0-6ulpdnwxmmaxihax7m4tkbuo63dvwzfe/lib/gcc/x86_64-pc-linux-gnu/7.1.0/crtend.o] ==> ignore
    arg [/lib/../lib64/crtn.o] ==> ignore
  collapse library dir [/cluster/spack/apps/linux-centos7-x86_64/gcc-4.8.5/gcc-7.1.0-6ulpdnwxmmaxihax7m4tkbuo63dvwzfe/lib64/../lib64] ==> [/cluster/spack/apps/linux-centos7-x86_64/gcc-4.8.5/gcc-7.1.0-6ulpdnwxmmaxihax7m4tkbuo63dvwzfe/lib64]
  collapse library dir [/cluster/spack/apps/linux-centos7-x86_64/gcc-4.8.5/gcc-7.1.0-6ulpdnwxmmaxihax7m4tkbuo63dvwzfe/lib/../lib64] ==> [/cluster/spack/apps/linux-centos7-x86_64/gcc-4.8.5/gcc-7.1.0-6ulpdnwxmmaxihax7m4tkbuo63dvwzfe/lib64]
  collapse library dir [/cluster/spack/apps/linux-centos7-x86_64/gcc-4.8.5/gcc-7.1.0-6ulpdnwxmmaxihax7m4tkbuo63dvwzfe/lib/gcc/x86_64-pc-linux-gnu/7.1.0] ==> [/cluster/spack/apps/linux-centos7-x86_64/gcc-4.8.5/gcc-7.1.0-6ulpdnwxmmaxihax7m4tkbuo63dvwzfe/lib/gcc/x86_64-pc-linux-gnu/7.1.0]
  collapse library dir [/cluster/spack/apps/linux-centos7-x86_64/gcc-4.8.5/gcc-7.1.0-6ulpdnwxmmaxihax7m4tkbuo63dvwzfe/lib/gcc/x86_64-pc-linux-gnu/7.1.0/../../../../lib64] ==> [/cluster/spack/apps/linux-centos7-x86_64/gcc-4.8.5/gcc-7.1.0-6ulpdnwxmmaxihax7m4tkbuo63dvwzfe/lib64]
  collapse library dir [/lib/../lib64] ==> [/lib64]
  collapse library dir [/usr/lib/../lib64] ==> [/usr/lib64]
  collapse library dir [/cluster/apps/gcc-7.1.0/jdk-8u141-b15-rz3kwwxuotdbmll3nirjs3nyyniqm3ov/lib] ==> [/cluster/apps/gcc-7.1.0/jdk-8u141-b15-rz3kwwxuotdbmll3nirjs3nyyniqm3ov/lib]
  collapse library dir [/cluster/spack/apps/linux-centos7-x86_64/gcc-4.8.5/gcc-7.1.0-6ulpdnwxmmaxihax7m4tkbuo63dvwzfe/lib64] ==> [/cluster/spack/apps/linux-centos7-x86_64/gcc-4.8.5/gcc-7.1.0-6ulpdnwxmmaxihax7m4tkbuo63dvwzfe/lib64]
  collapse library dir [/cluster/spack/apps/linux-centos7-x86_64/gcc-4.8.5/gcc-7.1.0-6ulpdnwxmmaxihax7m4tkbuo63dvwzfe/lib] ==> [/cluster/spack/apps/linux-centos7-x86_64/gcc-4.8.5/gcc-7.1.0-6ulpdnwxmmaxihax7m4tkbuo63dvwzfe/lib]
  collapse library dir [/cluster/spack/apps/linux-centos7-x86_64/gcc-4.8.5/gcc-7.1.0-6ulpdnwxmmaxihax7m4tkbuo63dvwzfe/lib/gcc/x86_64-pc-linux-gnu/7.1.0/../../..] ==> [/cluster/spack/apps/linux-centos7-x86_64/gcc-4.8.5/gcc-7.1.0-6ulpdnwxmmaxihax7m4tkbuo63dvwzfe/lib]
  implicit libs: [gcc;gcc_s;c;gcc;gcc_s]
  implicit dirs: [/cluster/spack/apps/linux-centos7-x86_64/gcc-4.8.5/gcc-7.1.0-6ulpdnwxmmaxihax7m4tkbuo63dvwzfe/lib64;/cluster/spack/apps/linux-centos7-x86_64/gcc-4.8.5/gcc-7.1.0-6ulpdnwxmmaxihax7m4tkbuo63dvwzfe/lib/gcc/x86_64-pc-linux-gnu/7.1.0;/lib64;/usr/lib64;/cluster/apps/gcc-7.1.0/jdk-8u141-b15-rz3kwwxuotdbmll3nirjs3nyyniqm3ov/lib;/cluster/spack/apps/linux-centos7-x86_64/gcc-4.8.5/gcc-7.1.0-6ulpdnwxmmaxihax7m4tkbuo63dvwzfe/lib]
  implicit fwks: []




Detecting C [-std=c11] compiler features compiled with the following output:
Change Dir: /cluster/home/ajoudaki/Project2020-seq-tensor-sketching/build/CMakeFiles/CMakeTmp

Run Build Command:"/cluster/apps/sfos/bin/gmake" "cmTC_6eb22/fast"
/cluster/apps/sfos/bin/gmake -f CMakeFiles/cmTC_6eb22.dir/build.make CMakeFiles/cmTC_6eb22.dir/build
gmake[1]: Entering directory '/cluster/home/ajoudaki/Project2020-seq-tensor-sketching/build/CMakeFiles/CMakeTmp'
Building C object CMakeFiles/cmTC_6eb22.dir/feature_tests.c.o
/cluster/spack/apps/linux-centos7-x86_64/gcc-4.8.5/gcc-7.1.0-6ulpdnwxmmaxihax7m4tkbuo63dvwzfe/bin/gcc   -std=c11 -o CMakeFiles/cmTC_6eb22.dir/feature_tests.c.o   -c /cluster/home/ajoudaki/Project2020-seq-tensor-sketching/build/CMakeFiles/feature_tests.c
Linking C executable cmTC_6eb22
/cluster/apps/gcc-7.1.0/cmake-3.13.4-rjqpqkmi6c6t6vam7hgichlw6jy3yfrj/bin/cmake -E cmake_link_script CMakeFiles/cmTC_6eb22.dir/link.txt --verbose=1
/cluster/spack/apps/linux-centos7-x86_64/gcc-4.8.5/gcc-7.1.0-6ulpdnwxmmaxihax7m4tkbuo63dvwzfe/bin/gcc      CMakeFiles/cmTC_6eb22.dir/feature_tests.c.o  -o cmTC_6eb22 
gmake[1]: Leaving directory '/cluster/home/ajoudaki/Project2020-seq-tensor-sketching/build/CMakeFiles/CMakeTmp'


    Feature record: C_FEATURE:1c_function_prototypes
    Feature record: C_FEATURE:1c_restrict
    Feature record: C_FEATURE:1c_static_assert
    Feature record: C_FEATURE:1c_variadic_macros


Detecting C [-std=c99] compiler features compiled with the following output:
Change Dir: /cluster/home/ajoudaki/Project2020-seq-tensor-sketching/build/CMakeFiles/CMakeTmp

Run Build Command:"/cluster/apps/sfos/bin/gmake" "cmTC_ec09c/fast"
/cluster/apps/sfos/bin/gmake -f CMakeFiles/cmTC_ec09c.dir/build.make CMakeFiles/cmTC_ec09c.dir/build
gmake[1]: Entering directory '/cluster/home/ajoudaki/Project2020-seq-tensor-sketching/build/CMakeFiles/CMakeTmp'
Building C object CMakeFiles/cmTC_ec09c.dir/feature_tests.c.o
/cluster/spack/apps/linux-centos7-x86_64/gcc-4.8.5/gcc-7.1.0-6ulpdnwxmmaxihax7m4tkbuo63dvwzfe/bin/gcc   -std=c99 -o CMakeFiles/cmTC_ec09c.dir/feature_tests.c.o   -c /cluster/home/ajoudaki/Project2020-seq-tensor-sketching/build/CMakeFiles/feature_tests.c
Linking C executable cmTC_ec09c
/cluster/apps/gcc-7.1.0/cmake-3.13.4-rjqpqkmi6c6t6vam7hgichlw6jy3yfrj/bin/cmake -E cmake_link_script CMakeFiles/cmTC_ec09c.dir/link.txt --verbose=1
/cluster/spack/apps/linux-centos7-x86_64/gcc-4.8.5/gcc-7.1.0-6ulpdnwxmmaxihax7m4tkbuo63dvwzfe/bin/gcc      CMakeFiles/cmTC_ec09c.dir/feature_tests.c.o  -o cmTC_ec09c 
gmake[1]: Leaving directory '/cluster/home/ajoudaki/Project2020-seq-tensor-sketching/build/CMakeFiles/CMakeTmp'


    Feature record: C_FEATURE:1c_function_prototypes
    Feature record: C_FEATURE:1c_restrict
    Feature record: C_FEATURE:0c_static_assert
    Feature record: C_FEATURE:1c_variadic_macros


Detecting C [-std=c90] compiler features compiled with the following output:
Change Dir: /cluster/home/ajoudaki/Project2020-seq-tensor-sketching/build/CMakeFiles/CMakeTmp

Run Build Command:"/cluster/apps/sfos/bin/gmake" "cmTC_38fc8/fast"
/cluster/apps/sfos/bin/gmake -f CMakeFiles/cmTC_38fc8.dir/build.make CMakeFiles/cmTC_38fc8.dir/build
gmake[1]: Entering directory '/cluster/home/ajoudaki/Project2020-seq-tensor-sketching/build/CMakeFiles/CMakeTmp'
Building C object CMakeFiles/cmTC_38fc8.dir/feature_tests.c.o
/cluster/spack/apps/linux-centos7-x86_64/gcc-4.8.5/gcc-7.1.0-6ulpdnwxmmaxihax7m4tkbuo63dvwzfe/bin/gcc   -std=c90 -o CMakeFiles/cmTC_38fc8.dir/feature_tests.c.o   -c /cluster/home/ajoudaki/Project2020-seq-tensor-sketching/build/CMakeFiles/feature_tests.c
Linking C executable cmTC_38fc8
/cluster/apps/gcc-7.1.0/cmake-3.13.4-rjqpqkmi6c6t6vam7hgichlw6jy3yfrj/bin/cmake -E cmake_link_script CMakeFiles/cmTC_38fc8.dir/link.txt --verbose=1
/cluster/spack/apps/linux-centos7-x86_64/gcc-4.8.5/gcc-7.1.0-6ulpdnwxmmaxihax7m4tkbuo63dvwzfe/bin/gcc      CMakeFiles/cmTC_38fc8.dir/feature_tests.c.o  -o cmTC_38fc8 
gmake[1]: Leaving directory '/cluster/home/ajoudaki/Project2020-seq-tensor-sketching/build/CMakeFiles/CMakeTmp'


    Feature record: C_FEATURE:1c_function_prototypes
    Feature record: C_FEATURE:0c_restrict
    Feature record: C_FEATURE:0c_static_assert
    Feature record: C_FEATURE:0c_variadic_macros
Determining if the CXX compiler works passed with the following output:
Change Dir: /cluster/home/ajoudaki/Project2020-seq-tensor-sketching/build/CMakeFiles/CMakeTmp

Run Build Command:"/cluster/apps/sfos/bin/gmake" "cmTC_7ba31/fast"
/cluster/apps/sfos/bin/gmake -f CMakeFiles/cmTC_7ba31.dir/build.make CMakeFiles/cmTC_7ba31.dir/build
gmake[1]: Entering directory '/cluster/home/ajoudaki/Project2020-seq-tensor-sketching/build/CMakeFiles/CMakeTmp'
Building CXX object CMakeFiles/cmTC_7ba31.dir/testCXXCompiler.cxx.o
/cluster/spack/apps/linux-centos7-x86_64/gcc-4.8.5/gcc-7.1.0-6ulpdnwxmmaxihax7m4tkbuo63dvwzfe/bin/g++     -o CMakeFiles/cmTC_7ba31.dir/testCXXCompiler.cxx.o -c /cluster/home/ajoudaki/Project2020-seq-tensor-sketching/build/CMakeFiles/CMakeTmp/testCXXCompiler.cxx
Linking CXX executable cmTC_7ba31
/cluster/apps/gcc-7.1.0/cmake-3.13.4-rjqpqkmi6c6t6vam7hgichlw6jy3yfrj/bin/cmake -E cmake_link_script CMakeFiles/cmTC_7ba31.dir/link.txt --verbose=1
/cluster/spack/apps/linux-centos7-x86_64/gcc-4.8.5/gcc-7.1.0-6ulpdnwxmmaxihax7m4tkbuo63dvwzfe/bin/g++       CMakeFiles/cmTC_7ba31.dir/testCXXCompiler.cxx.o  -o cmTC_7ba31 
gmake[1]: Leaving directory '/cluster/home/ajoudaki/Project2020-seq-tensor-sketching/build/CMakeFiles/CMakeTmp'


Detecting CXX compiler ABI info compiled with the following output:
Change Dir: /cluster/home/ajoudaki/Project2020-seq-tensor-sketching/build/CMakeFiles/CMakeTmp

Run Build Command:"/cluster/apps/sfos/bin/gmake" "cmTC_9b8db/fast"
/cluster/apps/sfos/bin/gmake -f CMakeFiles/cmTC_9b8db.dir/build.make CMakeFiles/cmTC_9b8db.dir/build
gmake[1]: Entering directory '/cluster/home/ajoudaki/Project2020-seq-tensor-sketching/build/CMakeFiles/CMakeTmp'
Building CXX object CMakeFiles/cmTC_9b8db.dir/CMakeCXXCompilerABI.cpp.o
/cluster/spack/apps/linux-centos7-x86_64/gcc-4.8.5/gcc-7.1.0-6ulpdnwxmmaxihax7m4tkbuo63dvwzfe/bin/g++     -o CMakeFiles/cmTC_9b8db.dir/CMakeCXXCompilerABI.cpp.o -c /cluster/apps/gcc-7.1.0/cmake-3.13.4-rjqpqkmi6c6t6vam7hgichlw6jy3yfrj/share/cmake-3.13/Modules/CMakeCXXCompilerABI.cpp
Linking CXX executable cmTC_9b8db
/cluster/apps/gcc-7.1.0/cmake-3.13.4-rjqpqkmi6c6t6vam7hgichlw6jy3yfrj/bin/cmake -E cmake_link_script CMakeFiles/cmTC_9b8db.dir/link.txt --verbose=1
/cluster/spack/apps/linux-centos7-x86_64/gcc-4.8.5/gcc-7.1.0-6ulpdnwxmmaxihax7m4tkbuo63dvwzfe/bin/g++      -v CMakeFiles/cmTC_9b8db.dir/CMakeCXXCompilerABI.cpp.o  -o cmTC_9b8db 
Reading specs from /cluster/spack/apps/linux-centos7-x86_64/gcc-4.8.5/gcc-7.1.0-6ulpdnwxmmaxihax7m4tkbuo63dvwzfe/lib/gcc/x86_64-pc-linux-gnu/7.1.0/specs
COLLECT_GCC=/cluster/spack/apps/linux-centos7-x86_64/gcc-4.8.5/gcc-7.1.0-6ulpdnwxmmaxihax7m4tkbuo63dvwzfe/bin/g++
COLLECT_LTO_WRAPPER=/cluster/spack/apps/linux-centos7-x86_64/gcc-4.8.5/gcc-7.1.0-6ulpdnwxmmaxihax7m4tkbuo63dvwzfe/libexec/gcc/x86_64-pc-linux-gnu/7.1.0/lto-wrapper
Target: x86_64-pc-linux-gnu
Configured with: /cluster/apps/spack/var/spack/stage/gcc-7.1.0-6ulpdnwxmmaxihax7m4tkbuo63dvwzfe/gcc-7.1.0/configure --prefix=/cluster/spack/apps/linux-centos7-x86_64/gcc-4.8.5/gcc-7.1.0-6ulpdnwxmmaxihax7m4tkbuo63dvwzfe --disable-multilib --enable-languages=all --with-mpfr=/cluster/spack/apps/linux-centos7-x86_64/gcc-4.8.5/mpfr-3.1.5-onlprikzdiqwkc45vj6yzwpun45jpxbt --with-gmp=/cluster/spack/apps/linux-centos7-x86_64/gcc-4.8.5/gmp-6.1.2-h2vp4zosdrgcjti3wmvhycukz5o35a22 --enable-lto --with-quad --with-system-zlib --with-mpc=/cluster/spack/apps/linux-centos7-x86_64/gcc-4.8.5/mpc-1.0.3-kf4gntilfzqnjhway5ed4uchwsbivkp5 --with-isl=/cluster/spack/apps/linux-centos7-x86_64/gcc-4.8.5/isl-0.18-fr6h4gdx2jibxvty75rjct5zhws7vmn7
Thread model: posix
gcc version 7.1.0 (GCC) 
COMPILER_PATH=/cluster/spack/apps/linux-centos7-x86_64/gcc-4.8.5/gcc-7.1.0-6ulpdnwxmmaxihax7m4tkbuo63dvwzfe/libexec/gcc/x86_64-pc-linux-gnu/7.1.0/:/cluster/spack/apps/linux-centos7-x86_64/gcc-4.8.5/gcc-7.1.0-6ulpdnwxmmaxihax7m4tkbuo63dvwzfe/libexec/gcc/x86_64-pc-linux-gnu/7.1.0/:/cluster/spack/apps/linux-centos7-x86_64/gcc-4.8.5/gcc-7.1.0-6ulpdnwxmmaxihax7m4tkbuo63dvwzfe/libexec/gcc/x86_64-pc-linux-gnu/:/cluster/spack/apps/linux-centos7-x86_64/gcc-4.8.5/gcc-7.1.0-6ulpdnwxmmaxihax7m4tkbuo63dvwzfe/lib/gcc/x86_64-pc-linux-gnu/7.1.0/:/cluster/spack/apps/linux-centos7-x86_64/gcc-4.8.5/gcc-7.1.0-6ulpdnwxmmaxihax7m4tkbuo63dvwzfe/lib/gcc/x86_64-pc-linux-gnu/
LIBRARY_PATH=/cluster/spack/apps/linux-centos7-x86_64/gcc-4.8.5/gcc-7.1.0-6ulpdnwxmmaxihax7m4tkbuo63dvwzfe/lib64/../lib64/:/cluster/spack/apps/linux-centos7-x86_64/gcc-4.8.5/gcc-7.1.0-6ulpdnwxmmaxihax7m4tkbuo63dvwzfe/lib/../lib64/:/cluster/spack/apps/linux-centos7-x86_64/gcc-4.8.5/gcc-7.1.0-6ulpdnwxmmaxihax7m4tkbuo63dvwzfe/lib/gcc/x86_64-pc-linux-gnu/7.1.0/:/cluster/spack/apps/linux-centos7-x86_64/gcc-4.8.5/gcc-7.1.0-6ulpdnwxmmaxihax7m4tkbuo63dvwzfe/lib/gcc/x86_64-pc-linux-gnu/7.1.0/../../../../lib64/:/lib/../lib64/:/usr/lib/../lib64/:/cluster/apps/gcc-7.1.0/jdk-8u141-b15-rz3kwwxuotdbmll3nirjs3nyyniqm3ov/lib/:/cluster/spack/apps/linux-centos7-x86_64/gcc-4.8.5/gcc-7.1.0-6ulpdnwxmmaxihax7m4tkbuo63dvwzfe/lib64/:/cluster/spack/apps/linux-centos7-x86_64/gcc-4.8.5/gcc-7.1.0-6ulpdnwxmmaxihax7m4tkbuo63dvwzfe/lib/:/cluster/spack/apps/linux-centos7-x86_64/gcc-4.8.5/gcc-7.1.0-6ulpdnwxmmaxihax7m4tkbuo63dvwzfe/lib/gcc/x86_64-pc-linux-gnu/7.1.0/../../../:/lib/:/usr/lib/
COLLECT_GCC_OPTIONS='-v' '-o' 'cmTC_9b8db' '-shared-libgcc' '-mtune=generic' '-march=x86-64'
 /cluster/spack/apps/linux-centos7-x86_64/gcc-4.8.5/gcc-7.1.0-6ulpdnwxmmaxihax7m4tkbuo63dvwzfe/libexec/gcc/x86_64-pc-linux-gnu/7.1.0/collect2 -plugin /cluster/spack/apps/linux-centos7-x86_64/gcc-4.8.5/gcc-7.1.0-6ulpdnwxmmaxihax7m4tkbuo63dvwzfe/libexec/gcc/x86_64-pc-linux-gnu/7.1.0/liblto_plugin.so -plugin-opt=/cluster/spack/apps/linux-centos7-x86_64/gcc-4.8.5/gcc-7.1.0-6ulpdnwxmmaxihax7m4tkbuo63dvwzfe/libexec/gcc/x86_64-pc-linux-gnu/7.1.0/lto-wrapper -plugin-opt=-fresolution=/tmp/ccHyeiZL.res -plugin-opt=-pass-through=-lgcc_s -plugin-opt=-pass-through=-lgcc -plugin-opt=-pass-through=-lc -plugin-opt=-pass-through=-lgcc_s -plugin-opt=-pass-through=-lgcc -rpath /cluster/spack/apps/linux-centos7-x86_64/gcc-4.8.5/gcc-7.1.0-6ulpdnwxmmaxihax7m4tkbuo63dvwzfe/lib:/cluster/spack/apps/linux-centos7-x86_64/gcc-4.8.5/gcc-7.1.0-6ulpdnwxmmaxihax7m4tkbuo63dvwzfe/lib64 --eh-frame-hdr -m elf_x86_64 -dynamic-linker /lib64/ld-linux-x86-64.so.2 -o cmTC_9b8db /lib/../lib64/crt1.o /lib/../lib64/crti.o /cluster/spack/apps/linux-centos7-x86_64/gcc-4.8.5/gcc-7.1.0-6ulpdnwxmmaxihax7m4tkbuo63dvwzfe/lib/gcc/x86_64-pc-linux-gnu/7.1.0/crtbegin.o -L/cluster/spack/apps/linux-centos7-x86_64/gcc-4.8.5/gcc-7.1.0-6ulpdnwxmmaxihax7m4tkbuo63dvwzfe/lib64/../lib64 -L/cluster/spack/apps/linux-centos7-x86_64/gcc-4.8.5/gcc-7.1.0-6ulpdnwxmmaxihax7m4tkbuo63dvwzfe/lib/../lib64 -L/cluster/spack/apps/linux-centos7-x86_64/gcc-4.8.5/gcc-7.1.0-6ulpdnwxmmaxihax7m4tkbuo63dvwzfe/lib/gcc/x86_64-pc-linux-gnu/7.1.0 -L/cluster/spack/apps/linux-centos7-x86_64/gcc-4.8.5/gcc-7.1.0-6ulpdnwxmmaxihax7m4tkbuo63dvwzfe/lib/gcc/x86_64-pc-linux-gnu/7.1.0/../../../../lib64 -L/lib/../lib64 -L/usr/lib/../lib64 -L/cluster/apps/gcc-7.1.0/jdk-8u141-b15-rz3kwwxuotdbmll3nirjs3nyyniqm3ov/lib -L/cluster/spack/apps/linux-centos7-x86_64/gcc-4.8.5/gcc-7.1.0-6ulpdnwxmmaxihax7m4tkbuo63dvwzfe/lib64 -L/cluster/spack/apps/linux-centos7-x86_64/gcc-4.8.5/gcc-7.1.0-6ulpdnwxmmaxihax7m4tkbuo63dvwzfe/lib -L/cluster/spack/apps/linux-centos7-x86_64/gcc-4.8.5/gcc-7.1.0-6ulpdnwxmmaxihax7m4tkbuo63dvwzfe/lib/gcc/x86_64-pc-linux-gnu/7.1.0/../../.. CMakeFiles/cmTC_9b8db.dir/CMakeCXXCompilerABI.cpp.o -lstdc++ -lm -lgcc_s -lgcc -lc -lgcc_s -lgcc /cluster/spack/apps/linux-centos7-x86_64/gcc-4.8.5/gcc-7.1.0-6ulpdnwxmmaxihax7m4tkbuo63dvwzfe/lib/gcc/x86_64-pc-linux-gnu/7.1.0/crtend.o /lib/../lib64/crtn.o
COLLECT_GCC_OPTIONS='-v' '-o' 'cmTC_9b8db' '-shared-libgcc' '-mtune=generic' '-march=x86-64'
gmake[1]: Leaving directory '/cluster/home/ajoudaki/Project2020-seq-tensor-sketching/build/CMakeFiles/CMakeTmp'


Parsed CXX implicit link information from above output:
  link line regex: [^( *|.*[/\])(ld|CMAKE_LINK_STARTFILE-NOTFOUND|([^/\]+-)?ld|collect2)[^/\]*( |$)]
  ignore line: [Change Dir: /cluster/home/ajoudaki/Project2020-seq-tensor-sketching/build/CMakeFiles/CMakeTmp]
  ignore line: []
  ignore line: [Run Build Command:"/cluster/apps/sfos/bin/gmake" "cmTC_9b8db/fast"]
  ignore line: [/cluster/apps/sfos/bin/gmake -f CMakeFiles/cmTC_9b8db.dir/build.make CMakeFiles/cmTC_9b8db.dir/build]
  ignore line: [gmake[1]: Entering directory '/cluster/home/ajoudaki/Project2020-seq-tensor-sketching/build/CMakeFiles/CMakeTmp']
  ignore line: [Building CXX object CMakeFiles/cmTC_9b8db.dir/CMakeCXXCompilerABI.cpp.o]
  ignore line: [/cluster/spack/apps/linux-centos7-x86_64/gcc-4.8.5/gcc-7.1.0-6ulpdnwxmmaxihax7m4tkbuo63dvwzfe/bin/g++     -o CMakeFiles/cmTC_9b8db.dir/CMakeCXXCompilerABI.cpp.o -c /cluster/apps/gcc-7.1.0/cmake-3.13.4-rjqpqkmi6c6t6vam7hgichlw6jy3yfrj/share/cmake-3.13/Modules/CMakeCXXCompilerABI.cpp]
  ignore line: [Linking CXX executable cmTC_9b8db]
  ignore line: [/cluster/apps/gcc-7.1.0/cmake-3.13.4-rjqpqkmi6c6t6vam7hgichlw6jy3yfrj/bin/cmake -E cmake_link_script CMakeFiles/cmTC_9b8db.dir/link.txt --verbose=1]
  ignore line: [/cluster/spack/apps/linux-centos7-x86_64/gcc-4.8.5/gcc-7.1.0-6ulpdnwxmmaxihax7m4tkbuo63dvwzfe/bin/g++      -v CMakeFiles/cmTC_9b8db.dir/CMakeCXXCompilerABI.cpp.o  -o cmTC_9b8db ]
  ignore line: [Reading specs from /cluster/spack/apps/linux-centos7-x86_64/gcc-4.8.5/gcc-7.1.0-6ulpdnwxmmaxihax7m4tkbuo63dvwzfe/lib/gcc/x86_64-pc-linux-gnu/7.1.0/specs]
  ignore line: [COLLECT_GCC=/cluster/spack/apps/linux-centos7-x86_64/gcc-4.8.5/gcc-7.1.0-6ulpdnwxmmaxihax7m4tkbuo63dvwzfe/bin/g++]
  ignore line: [COLLECT_LTO_WRAPPER=/cluster/spack/apps/linux-centos7-x86_64/gcc-4.8.5/gcc-7.1.0-6ulpdnwxmmaxihax7m4tkbuo63dvwzfe/libexec/gcc/x86_64-pc-linux-gnu/7.1.0/lto-wrapper]
  ignore line: [Target: x86_64-pc-linux-gnu]
  ignore line: [Configured with: /cluster/apps/spack/var/spack/stage/gcc-7.1.0-6ulpdnwxmmaxihax7m4tkbuo63dvwzfe/gcc-7.1.0/configure --prefix=/cluster/spack/apps/linux-centos7-x86_64/gcc-4.8.5/gcc-7.1.0-6ulpdnwxmmaxihax7m4tkbuo63dvwzfe --disable-multilib --enable-languages=all --with-mpfr=/cluster/spack/apps/linux-centos7-x86_64/gcc-4.8.5/mpfr-3.1.5-onlprikzdiqwkc45vj6yzwpun45jpxbt --with-gmp=/cluster/spack/apps/linux-centos7-x86_64/gcc-4.8.5/gmp-6.1.2-h2vp4zosdrgcjti3wmvhycukz5o35a22 --enable-lto --with-quad --with-system-zlib --with-mpc=/cluster/spack/apps/linux-centos7-x86_64/gcc-4.8.5/mpc-1.0.3-kf4gntilfzqnjhway5ed4uchwsbivkp5 --with-isl=/cluster/spack/apps/linux-centos7-x86_64/gcc-4.8.5/isl-0.18-fr6h4gdx2jibxvty75rjct5zhws7vmn7]
  ignore line: [Thread model: posix]
  ignore line: [gcc version 7.1.0 (GCC) ]
  ignore line: [COMPILER_PATH=/cluster/spack/apps/linux-centos7-x86_64/gcc-4.8.5/gcc-7.1.0-6ulpdnwxmmaxihax7m4tkbuo63dvwzfe/libexec/gcc/x86_64-pc-linux-gnu/7.1.0/:/cluster/spack/apps/linux-centos7-x86_64/gcc-4.8.5/gcc-7.1.0-6ulpdnwxmmaxihax7m4tkbuo63dvwzfe/libexec/gcc/x86_64-pc-linux-gnu/7.1.0/:/cluster/spack/apps/linux-centos7-x86_64/gcc-4.8.5/gcc-7.1.0-6ulpdnwxmmaxihax7m4tkbuo63dvwzfe/libexec/gcc/x86_64-pc-linux-gnu/:/cluster/spack/apps/linux-centos7-x86_64/gcc-4.8.5/gcc-7.1.0-6ulpdnwxmmaxihax7m4tkbuo63dvwzfe/lib/gcc/x86_64-pc-linux-gnu/7.1.0/:/cluster/spack/apps/linux-centos7-x86_64/gcc-4.8.5/gcc-7.1.0-6ulpdnwxmmaxihax7m4tkbuo63dvwzfe/lib/gcc/x86_64-pc-linux-gnu/]
  ignore line: [LIBRARY_PATH=/cluster/spack/apps/linux-centos7-x86_64/gcc-4.8.5/gcc-7.1.0-6ulpdnwxmmaxihax7m4tkbuo63dvwzfe/lib64/../lib64/:/cluster/spack/apps/linux-centos7-x86_64/gcc-4.8.5/gcc-7.1.0-6ulpdnwxmmaxihax7m4tkbuo63dvwzfe/lib/../lib64/:/cluster/spack/apps/linux-centos7-x86_64/gcc-4.8.5/gcc-7.1.0-6ulpdnwxmmaxihax7m4tkbuo63dvwzfe/lib/gcc/x86_64-pc-linux-gnu/7.1.0/:/cluster/spack/apps/linux-centos7-x86_64/gcc-4.8.5/gcc-7.1.0-6ulpdnwxmmaxihax7m4tkbuo63dvwzfe/lib/gcc/x86_64-pc-linux-gnu/7.1.0/../../../../lib64/:/lib/../lib64/:/usr/lib/../lib64/:/cluster/apps/gcc-7.1.0/jdk-8u141-b15-rz3kwwxuotdbmll3nirjs3nyyniqm3ov/lib/:/cluster/spack/apps/linux-centos7-x86_64/gcc-4.8.5/gcc-7.1.0-6ulpdnwxmmaxihax7m4tkbuo63dvwzfe/lib64/:/cluster/spack/apps/linux-centos7-x86_64/gcc-4.8.5/gcc-7.1.0-6ulpdnwxmmaxihax7m4tkbuo63dvwzfe/lib/:/cluster/spack/apps/linux-centos7-x86_64/gcc-4.8.5/gcc-7.1.0-6ulpdnwxmmaxihax7m4tkbuo63dvwzfe/lib/gcc/x86_64-pc-linux-gnu/7.1.0/../../../:/lib/:/usr/lib/]
  ignore line: [COLLECT_GCC_OPTIONS='-v' '-o' 'cmTC_9b8db' '-shared-libgcc' '-mtune=generic' '-march=x86-64']
  link line: [ /cluster/spack/apps/linux-centos7-x86_64/gcc-4.8.5/gcc-7.1.0-6ulpdnwxmmaxihax7m4tkbuo63dvwzfe/libexec/gcc/x86_64-pc-linux-gnu/7.1.0/collect2 -plugin /cluster/spack/apps/linux-centos7-x86_64/gcc-4.8.5/gcc-7.1.0-6ulpdnwxmmaxihax7m4tkbuo63dvwzfe/libexec/gcc/x86_64-pc-linux-gnu/7.1.0/liblto_plugin.so -plugin-opt=/cluster/spack/apps/linux-centos7-x86_64/gcc-4.8.5/gcc-7.1.0-6ulpdnwxmmaxihax7m4tkbuo63dvwzfe/libexec/gcc/x86_64-pc-linux-gnu/7.1.0/lto-wrapper -plugin-opt=-fresolution=/tmp/ccHyeiZL.res -plugin-opt=-pass-through=-lgcc_s -plugin-opt=-pass-through=-lgcc -plugin-opt=-pass-through=-lc -plugin-opt=-pass-through=-lgcc_s -plugin-opt=-pass-through=-lgcc -rpath /cluster/spack/apps/linux-centos7-x86_64/gcc-4.8.5/gcc-7.1.0-6ulpdnwxmmaxihax7m4tkbuo63dvwzfe/lib:/cluster/spack/apps/linux-centos7-x86_64/gcc-4.8.5/gcc-7.1.0-6ulpdnwxmmaxihax7m4tkbuo63dvwzfe/lib64 --eh-frame-hdr -m elf_x86_64 -dynamic-linker /lib64/ld-linux-x86-64.so.2 -o cmTC_9b8db /lib/../lib64/crt1.o /lib/../lib64/crti.o /cluster/spack/apps/linux-centos7-x86_64/gcc-4.8.5/gcc-7.1.0-6ulpdnwxmmaxihax7m4tkbuo63dvwzfe/lib/gcc/x86_64-pc-linux-gnu/7.1.0/crtbegin.o -L/cluster/spack/apps/linux-centos7-x86_64/gcc-4.8.5/gcc-7.1.0-6ulpdnwxmmaxihax7m4tkbuo63dvwzfe/lib64/../lib64 -L/cluster/spack/apps/linux-centos7-x86_64/gcc-4.8.5/gcc-7.1.0-6ulpdnwxmmaxihax7m4tkbuo63dvwzfe/lib/../lib64 -L/cluster/spack/apps/linux-centos7-x86_64/gcc-4.8.5/gcc-7.1.0-6ulpdnwxmmaxihax7m4tkbuo63dvwzfe/lib/gcc/x86_64-pc-linux-gnu/7.1.0 -L/cluster/spack/apps/linux-centos7-x86_64/gcc-4.8.5/gcc-7.1.0-6ulpdnwxmmaxihax7m4tkbuo63dvwzfe/lib/gcc/x86_64-pc-linux-gnu/7.1.0/../../../../lib64 -L/lib/../lib64 -L/usr/lib/../lib64 -L/cluster/apps/gcc-7.1.0/jdk-8u141-b15-rz3kwwxuotdbmll3nirjs3nyyniqm3ov/lib -L/cluster/spack/apps/linux-centos7-x86_64/gcc-4.8.5/gcc-7.1.0-6ulpdnwxmmaxihax7m4tkbuo63dvwzfe/lib64 -L/cluster/spack/apps/linux-centos7-x86_64/gcc-4.8.5/gcc-7.1.0-6ulpdnwxmmaxihax7m4tkbuo63dvwzfe/lib -L/cluster/spack/apps/linux-centos7-x86_64/gcc-4.8.5/gcc-7.1.0-6ulpdnwxmmaxihax7m4tkbuo63dvwzfe/lib/gcc/x86_64-pc-linux-gnu/7.1.0/../../.. CMakeFiles/cmTC_9b8db.dir/CMakeCXXCompilerABI.cpp.o -lstdc++ -lm -lgcc_s -lgcc -lc -lgcc_s -lgcc /cluster/spack/apps/linux-centos7-x86_64/gcc-4.8.5/gcc-7.1.0-6ulpdnwxmmaxihax7m4tkbuo63dvwzfe/lib/gcc/x86_64-pc-linux-gnu/7.1.0/crtend.o /lib/../lib64/crtn.o]
    arg [/cluster/spack/apps/linux-centos7-x86_64/gcc-4.8.5/gcc-7.1.0-6ulpdnwxmmaxihax7m4tkbuo63dvwzfe/libexec/gcc/x86_64-pc-linux-gnu/7.1.0/collect2] ==> ignore
    arg [-plugin] ==> ignore
    arg [/cluster/spack/apps/linux-centos7-x86_64/gcc-4.8.5/gcc-7.1.0-6ulpdnwxmmaxihax7m4tkbuo63dvwzfe/libexec/gcc/x86_64-pc-linux-gnu/7.1.0/liblto_plugin.so] ==> ignore
    arg [-plugin-opt=/cluster/spack/apps/linux-centos7-x86_64/gcc-4.8.5/gcc-7.1.0-6ulpdnwxmmaxihax7m4tkbuo63dvwzfe/libexec/gcc/x86_64-pc-linux-gnu/7.1.0/lto-wrapper] ==> ignore
    arg [-plugin-opt=-fresolution=/tmp/ccHyeiZL.res] ==> ignore
    arg [-plugin-opt=-pass-through=-lgcc_s] ==> ignore
    arg [-plugin-opt=-pass-through=-lgcc] ==> ignore
    arg [-plugin-opt=-pass-through=-lc] ==> ignore
    arg [-plugin-opt=-pass-through=-lgcc_s] ==> ignore
    arg [-plugin-opt=-pass-through=-lgcc] ==> ignore
    arg [-rpath] ==> ignore
    arg [/cluster/spack/apps/linux-centos7-x86_64/gcc-4.8.5/gcc-7.1.0-6ulpdnwxmmaxihax7m4tkbuo63dvwzfe/lib:/cluster/spack/apps/linux-centos7-x86_64/gcc-4.8.5/gcc-7.1.0-6ulpdnwxmmaxihax7m4tkbuo63dvwzfe/lib64] ==> ignore
    arg [--eh-frame-hdr] ==> ignore
    arg [-m] ==> ignore
    arg [elf_x86_64] ==> ignore
    arg [-dynamic-linker] ==> ignore
    arg [/lib64/ld-linux-x86-64.so.2] ==> ignore
    arg [-o] ==> ignore
    arg [cmTC_9b8db] ==> ignore
    arg [/lib/../lib64/crt1.o] ==> ignore
    arg [/lib/../lib64/crti.o] ==> ignore
    arg [/cluster/spack/apps/linux-centos7-x86_64/gcc-4.8.5/gcc-7.1.0-6ulpdnwxmmaxihax7m4tkbuo63dvwzfe/lib/gcc/x86_64-pc-linux-gnu/7.1.0/crtbegin.o] ==> ignore
    arg [-L/cluster/spack/apps/linux-centos7-x86_64/gcc-4.8.5/gcc-7.1.0-6ulpdnwxmmaxihax7m4tkbuo63dvwzfe/lib64/../lib64] ==> dir [/cluster/spack/apps/linux-centos7-x86_64/gcc-4.8.5/gcc-7.1.0-6ulpdnwxmmaxihax7m4tkbuo63dvwzfe/lib64/../lib64]
    arg [-L/cluster/spack/apps/linux-centos7-x86_64/gcc-4.8.5/gcc-7.1.0-6ulpdnwxmmaxihax7m4tkbuo63dvwzfe/lib/../lib64] ==> dir [/cluster/spack/apps/linux-centos7-x86_64/gcc-4.8.5/gcc-7.1.0-6ulpdnwxmmaxihax7m4tkbuo63dvwzfe/lib/../lib64]
    arg [-L/cluster/spack/apps/linux-centos7-x86_64/gcc-4.8.5/gcc-7.1.0-6ulpdnwxmmaxihax7m4tkbuo63dvwzfe/lib/gcc/x86_64-pc-linux-gnu/7.1.0] ==> dir [/cluster/spack/apps/linux-centos7-x86_64/gcc-4.8.5/gcc-7.1.0-6ulpdnwxmmaxihax7m4tkbuo63dvwzfe/lib/gcc/x86_64-pc-linux-gnu/7.1.0]
    arg [-L/cluster/spack/apps/linux-centos7-x86_64/gcc-4.8.5/gcc-7.1.0-6ulpdnwxmmaxihax7m4tkbuo63dvwzfe/lib/gcc/x86_64-pc-linux-gnu/7.1.0/../../../../lib64] ==> dir [/cluster/spack/apps/linux-centos7-x86_64/gcc-4.8.5/gcc-7.1.0-6ulpdnwxmmaxihax7m4tkbuo63dvwzfe/lib/gcc/x86_64-pc-linux-gnu/7.1.0/../../../../lib64]
    arg [-L/lib/../lib64] ==> dir [/lib/../lib64]
    arg [-L/usr/lib/../lib64] ==> dir [/usr/lib/../lib64]
    arg [-L/cluster/apps/gcc-7.1.0/jdk-8u141-b15-rz3kwwxuotdbmll3nirjs3nyyniqm3ov/lib] ==> dir [/cluster/apps/gcc-7.1.0/jdk-8u141-b15-rz3kwwxuotdbmll3nirjs3nyyniqm3ov/lib]
    arg [-L/cluster/spack/apps/linux-centos7-x86_64/gcc-4.8.5/gcc-7.1.0-6ulpdnwxmmaxihax7m4tkbuo63dvwzfe/lib64] ==> dir [/cluster/spack/apps/linux-centos7-x86_64/gcc-4.8.5/gcc-7.1.0-6ulpdnwxmmaxihax7m4tkbuo63dvwzfe/lib64]
    arg [-L/cluster/spack/apps/linux-centos7-x86_64/gcc-4.8.5/gcc-7.1.0-6ulpdnwxmmaxihax7m4tkbuo63dvwzfe/lib] ==> dir [/cluster/spack/apps/linux-centos7-x86_64/gcc-4.8.5/gcc-7.1.0-6ulpdnwxmmaxihax7m4tkbuo63dvwzfe/lib]
    arg [-L/cluster/spack/apps/linux-centos7-x86_64/gcc-4.8.5/gcc-7.1.0-6ulpdnwxmmaxihax7m4tkbuo63dvwzfe/lib/gcc/x86_64-pc-linux-gnu/7.1.0/../../..] ==> dir [/cluster/spack/apps/linux-centos7-x86_64/gcc-4.8.5/gcc-7.1.0-6ulpdnwxmmaxihax7m4tkbuo63dvwzfe/lib/gcc/x86_64-pc-linux-gnu/7.1.0/../../..]
    arg [CMakeFiles/cmTC_9b8db.dir/CMakeCXXCompilerABI.cpp.o] ==> ignore
    arg [-lstdc++] ==> lib [stdc++]
    arg [-lm] ==> lib [m]
    arg [-lgcc_s] ==> lib [gcc_s]
    arg [-lgcc] ==> lib [gcc]
    arg [-lc] ==> lib [c]
    arg [-lgcc_s] ==> lib [gcc_s]
    arg [-lgcc] ==> lib [gcc]
    arg [/cluster/spack/apps/linux-centos7-x86_64/gcc-4.8.5/gcc-7.1.0-6ulpdnwxmmaxihax7m4tkbuo63dvwzfe/lib/gcc/x86_64-pc-linux-gnu/7.1.0/crtend.o] ==> ignore
    arg [/lib/../lib64/crtn.o] ==> ignore
  collapse library dir [/cluster/spack/apps/linux-centos7-x86_64/gcc-4.8.5/gcc-7.1.0-6ulpdnwxmmaxihax7m4tkbuo63dvwzfe/lib64/../lib64] ==> [/cluster/spack/apps/linux-centos7-x86_64/gcc-4.8.5/gcc-7.1.0-6ulpdnwxmmaxihax7m4tkbuo63dvwzfe/lib64]
  collapse library dir [/cluster/spack/apps/linux-centos7-x86_64/gcc-4.8.5/gcc-7.1.0-6ulpdnwxmmaxihax7m4tkbuo63dvwzfe/lib/../lib64] ==> [/cluster/spack/apps/linux-centos7-x86_64/gcc-4.8.5/gcc-7.1.0-6ulpdnwxmmaxihax7m4tkbuo63dvwzfe/lib64]
  collapse library dir [/cluster/spack/apps/linux-centos7-x86_64/gcc-4.8.5/gcc-7.1.0-6ulpdnwxmmaxihax7m4tkbuo63dvwzfe/lib/gcc/x86_64-pc-linux-gnu/7.1.0] ==> [/cluster/spack/apps/linux-centos7-x86_64/gcc-4.8.5/gcc-7.1.0-6ulpdnwxmmaxihax7m4tkbuo63dvwzfe/lib/gcc/x86_64-pc-linux-gnu/7.1.0]
  collapse library dir [/cluster/spack/apps/linux-centos7-x86_64/gcc-4.8.5/gcc-7.1.0-6ulpdnwxmmaxihax7m4tkbuo63dvwzfe/lib/gcc/x86_64-pc-linux-gnu/7.1.0/../../../../lib64] ==> [/cluster/spack/apps/linux-centos7-x86_64/gcc-4.8.5/gcc-7.1.0-6ulpdnwxmmaxihax7m4tkbuo63dvwzfe/lib64]
  collapse library dir [/lib/../lib64] ==> [/lib64]
  collapse library dir [/usr/lib/../lib64] ==> [/usr/lib64]
  collapse library dir [/cluster/apps/gcc-7.1.0/jdk-8u141-b15-rz3kwwxuotdbmll3nirjs3nyyniqm3ov/lib] ==> [/cluster/apps/gcc-7.1.0/jdk-8u141-b15-rz3kwwxuotdbmll3nirjs3nyyniqm3ov/lib]
  collapse library dir [/cluster/spack/apps/linux-centos7-x86_64/gcc-4.8.5/gcc-7.1.0-6ulpdnwxmmaxihax7m4tkbuo63dvwzfe/lib64] ==> [/cluster/spack/apps/linux-centos7-x86_64/gcc-4.8.5/gcc-7.1.0-6ulpdnwxmmaxihax7m4tkbuo63dvwzfe/lib64]
  collapse library dir [/cluster/spack/apps/linux-centos7-x86_64/gcc-4.8.5/gcc-7.1.0-6ulpdnwxmmaxihax7m4tkbuo63dvwzfe/lib] ==> [/cluster/spack/apps/linux-centos7-x86_64/gcc-4.8.5/gcc-7.1.0-6ulpdnwxmmaxihax7m4tkbuo63dvwzfe/lib]
  collapse library dir [/cluster/spack/apps/linux-centos7-x86_64/gcc-4.8.5/gcc-7.1.0-6ulpdnwxmmaxihax7m4tkbuo63dvwzfe/lib/gcc/x86_64-pc-linux-gnu/7.1.0/../../..] ==> [/cluster/spack/apps/linux-centos7-x86_64/gcc-4.8.5/gcc-7.1.0-6ulpdnwxmmaxihax7m4tkbuo63dvwzfe/lib]
  implicit libs: [stdc++;m;gcc_s;gcc;c;gcc_s;gcc]
  implicit dirs: [/cluster/spack/apps/linux-centos7-x86_64/gcc-4.8.5/gcc-7.1.0-6ulpdnwxmmaxihax7m4tkbuo63dvwzfe/lib64;/cluster/spack/apps/linux-centos7-x86_64/gcc-4.8.5/gcc-7.1.0-6ulpdnwxmmaxihax7m4tkbuo63dvwzfe/lib/gcc/x86_64-pc-linux-gnu/7.1.0;/lib64;/usr/lib64;/cluster/apps/gcc-7.1.0/jdk-8u141-b15-rz3kwwxuotdbmll3nirjs3nyyniqm3ov/lib;/cluster/spack/apps/linux-centos7-x86_64/gcc-4.8.5/gcc-7.1.0-6ulpdnwxmmaxihax7m4tkbuo63dvwzfe/lib]
  implicit fwks: []




Detecting CXX [-std=c++1z] compiler features compiled with the following output:
Change Dir: /cluster/home/ajoudaki/Project2020-seq-tensor-sketching/build/CMakeFiles/CMakeTmp

Run Build Command:"/cluster/apps/sfos/bin/gmake" "cmTC_f5279/fast"
/cluster/apps/sfos/bin/gmake -f CMakeFiles/cmTC_f5279.dir/build.make CMakeFiles/cmTC_f5279.dir/build
gmake[1]: Entering directory '/cluster/home/ajoudaki/Project2020-seq-tensor-sketching/build/CMakeFiles/CMakeTmp'
Building CXX object CMakeFiles/cmTC_f5279.dir/feature_tests.cxx.o
/cluster/spack/apps/linux-centos7-x86_64/gcc-4.8.5/gcc-7.1.0-6ulpdnwxmmaxihax7m4tkbuo63dvwzfe/bin/g++    -std=c++1z -o CMakeFiles/cmTC_f5279.dir/feature_tests.cxx.o -c /cluster/home/ajoudaki/Project2020-seq-tensor-sketching/build/CMakeFiles/feature_tests.cxx
Linking CXX executable cmTC_f5279
/cluster/apps/gcc-7.1.0/cmake-3.13.4-rjqpqkmi6c6t6vam7hgichlw6jy3yfrj/bin/cmake -E cmake_link_script CMakeFiles/cmTC_f5279.dir/link.txt --verbose=1
/cluster/spack/apps/linux-centos7-x86_64/gcc-4.8.5/gcc-7.1.0-6ulpdnwxmmaxihax7m4tkbuo63dvwzfe/bin/g++       CMakeFiles/cmTC_f5279.dir/feature_tests.cxx.o  -o cmTC_f5279 
gmake[1]: Leaving directory '/cluster/home/ajoudaki/Project2020-seq-tensor-sketching/build/CMakeFiles/CMakeTmp'


    Feature record: CXX_FEATURE:1cxx_aggregate_default_initializers
    Feature record: CXX_FEATURE:1cxx_alias_templates
    Feature record: CXX_FEATURE:1cxx_alignas
    Feature record: CXX_FEATURE:1cxx_alignof
    Feature record: CXX_FEATURE:1cxx_attributes
    Feature record: CXX_FEATURE:1cxx_attribute_deprecated
    Feature record: CXX_FEATURE:1cxx_auto_type
    Feature record: CXX_FEATURE:1cxx_binary_literals
    Feature record: CXX_FEATURE:1cxx_constexpr
    Feature record: CXX_FEATURE:1cxx_contextual_conversions
    Feature record: CXX_FEATURE:1cxx_decltype
    Feature record: CXX_FEATURE:1cxx_decltype_auto
    Feature record: CXX_FEATURE:1cxx_decltype_incomplete_return_types
    Feature record: CXX_FEATURE:1cxx_default_function_template_args
    Feature record: CXX_FEATURE:1cxx_defaulted_functions
    Feature record: CXX_FEATURE:1cxx_defaulted_move_initializers
    Feature record: CXX_FEATURE:1cxx_delegating_constructors
    Feature record: CXX_FEATURE:1cxx_deleted_functions
    Feature record: CXX_FEATURE:1cxx_digit_separators
    Feature record: CXX_FEATURE:1cxx_enum_forward_declarations
    Feature record: CXX_FEATURE:1cxx_explicit_conversions
    Feature record: CXX_FEATURE:1cxx_extended_friend_declarations
    Feature record: CXX_FEATURE:1cxx_extern_templates
    Feature record: CXX_FEATURE:1cxx_final
    Feature record: CXX_FEATURE:1cxx_func_identifier
    Feature record: CXX_FEATURE:1cxx_generalized_initializers
    Feature record: CXX_FEATURE:1cxx_generic_lambdas
    Feature record: CXX_FEATURE:1cxx_inheriting_constructors
    Feature record: CXX_FEATURE:1cxx_inline_namespaces
    Feature record: CXX_FEATURE:1cxx_lambdas
    Feature record: CXX_FEATURE:1cxx_lambda_init_captures
    Feature record: CXX_FEATURE:1cxx_local_type_template_args
    Feature record: CXX_FEATURE:1cxx_long_long_type
    Feature record: CXX_FEATURE:1cxx_noexcept
    Feature record: CXX_FEATURE:1cxx_nonstatic_member_init
    Feature record: CXX_FEATURE:1cxx_nullptr
    Feature record: CXX_FEATURE:1cxx_override
    Feature record: CXX_FEATURE:1cxx_range_for
    Feature record: CXX_FEATURE:1cxx_raw_string_literals
    Feature record: CXX_FEATURE:1cxx_reference_qualified_functions
    Feature record: CXX_FEATURE:1cxx_relaxed_constexpr
    Feature record: CXX_FEATURE:1cxx_return_type_deduction
    Feature record: CXX_FEATURE:1cxx_right_angle_brackets
    Feature record: CXX_FEATURE:1cxx_rvalue_references
    Feature record: CXX_FEATURE:1cxx_sizeof_member
    Feature record: CXX_FEATURE:1cxx_static_assert
    Feature record: CXX_FEATURE:1cxx_strong_enums
    Feature record: CXX_FEATURE:1cxx_template_template_parameters
    Feature record: CXX_FEATURE:1cxx_thread_local
    Feature record: CXX_FEATURE:1cxx_trailing_return_types
    Feature record: CXX_FEATURE:1cxx_unicode_literals
    Feature record: CXX_FEATURE:1cxx_uniform_initialization
    Feature record: CXX_FEATURE:1cxx_unrestricted_unions
    Feature record: CXX_FEATURE:1cxx_user_literals
    Feature record: CXX_FEATURE:1cxx_variable_templates
    Feature record: CXX_FEATURE:1cxx_variadic_macros
    Feature record: CXX_FEATURE:1cxx_variadic_templates


Detecting CXX [-std=c++14] compiler features compiled with the following output:
Change Dir: /cluster/home/ajoudaki/Project2020-seq-tensor-sketching/build/CMakeFiles/CMakeTmp

Run Build Command:"/cluster/apps/sfos/bin/gmake" "cmTC_1d795/fast"
/cluster/apps/sfos/bin/gmake -f CMakeFiles/cmTC_1d795.dir/build.make CMakeFiles/cmTC_1d795.dir/build
gmake[1]: Entering directory '/cluster/home/ajoudaki/Project2020-seq-tensor-sketching/build/CMakeFiles/CMakeTmp'
Building CXX object CMakeFiles/cmTC_1d795.dir/feature_tests.cxx.o
/cluster/spack/apps/linux-centos7-x86_64/gcc-4.8.5/gcc-7.1.0-6ulpdnwxmmaxihax7m4tkbuo63dvwzfe/bin/g++    -std=c++14 -o CMakeFiles/cmTC_1d795.dir/feature_tests.cxx.o -c /cluster/home/ajoudaki/Project2020-seq-tensor-sketching/build/CMakeFiles/feature_tests.cxx
Linking CXX executable cmTC_1d795
/cluster/apps/gcc-7.1.0/cmake-3.13.4-rjqpqkmi6c6t6vam7hgichlw6jy3yfrj/bin/cmake -E cmake_link_script CMakeFiles/cmTC_1d795.dir/link.txt --verbose=1
/cluster/spack/apps/linux-centos7-x86_64/gcc-4.8.5/gcc-7.1.0-6ulpdnwxmmaxihax7m4tkbuo63dvwzfe/bin/g++       CMakeFiles/cmTC_1d795.dir/feature_tests.cxx.o  -o cmTC_1d795 
gmake[1]: Leaving directory '/cluster/home/ajoudaki/Project2020-seq-tensor-sketching/build/CMakeFiles/CMakeTmp'


    Feature record: CXX_FEATURE:1cxx_aggregate_default_initializers
    Feature record: CXX_FEATURE:1cxx_alias_templates
    Feature record: CXX_FEATURE:1cxx_alignas
    Feature record: CXX_FEATURE:1cxx_alignof
    Feature record: CXX_FEATURE:1cxx_attributes
    Feature record: CXX_FEATURE:1cxx_attribute_deprecated
    Feature record: CXX_FEATURE:1cxx_auto_type
    Feature record: CXX_FEATURE:1cxx_binary_literals
    Feature record: CXX_FEATURE:1cxx_constexpr
    Feature record: CXX_FEATURE:1cxx_contextual_conversions
    Feature record: CXX_FEATURE:1cxx_decltype
    Feature record: CXX_FEATURE:1cxx_decltype_auto
    Feature record: CXX_FEATURE:1cxx_decltype_incomplete_return_types
    Feature record: CXX_FEATURE:1cxx_default_function_template_args
    Feature record: CXX_FEATURE:1cxx_defaulted_functions
    Feature record: CXX_FEATURE:1cxx_defaulted_move_initializers
    Feature record: CXX_FEATURE:1cxx_delegating_constructors
    Feature record: CXX_FEATURE:1cxx_deleted_functions
    Feature record: CXX_FEATURE:1cxx_digit_separators
    Feature record: CXX_FEATURE:1cxx_enum_forward_declarations
    Feature record: CXX_FEATURE:1cxx_explicit_conversions
    Feature record: CXX_FEATURE:1cxx_extended_friend_declarations
    Feature record: CXX_FEATURE:1cxx_extern_templates
    Feature record: CXX_FEATURE:1cxx_final
    Feature record: CXX_FEATURE:1cxx_func_identifier
    Feature record: CXX_FEATURE:1cxx_generalized_initializers
    Feature record: CXX_FEATURE:1cxx_generic_lambdas
    Feature record: CXX_FEATURE:1cxx_inheriting_constructors
    Feature record: CXX_FEATURE:1cxx_inline_namespaces
    Feature record: CXX_FEATURE:1cxx_lambdas
    Feature record: CXX_FEATURE:1cxx_lambda_init_captures
    Feature record: CXX_FEATURE:1cxx_local_type_template_args
    Feature record: CXX_FEATURE:1cxx_long_long_type
    Feature record: CXX_FEATURE:1cxx_noexcept
    Feature record: CXX_FEATURE:1cxx_nonstatic_member_init
    Feature record: CXX_FEATURE:1cxx_nullptr
    Feature record: CXX_FEATURE:1cxx_override
    Feature record: CXX_FEATURE:1cxx_range_for
    Feature record: CXX_FEATURE:1cxx_raw_string_literals
    Feature record: CXX_FEATURE:1cxx_reference_qualified_functions
    Feature record: CXX_FEATURE:1cxx_relaxed_constexpr
    Feature record: CXX_FEATURE:1cxx_return_type_deduction
    Feature record: CXX_FEATURE:1cxx_right_angle_brackets
    Feature record: CXX_FEATURE:1cxx_rvalue_references
    Feature record: CXX_FEATURE:1cxx_sizeof_member
    Feature record: CXX_FEATURE:1cxx_static_assert
    Feature record: CXX_FEATURE:1cxx_strong_enums
    Feature record: CXX_FEATURE:1cxx_template_template_parameters
    Feature record: CXX_FEATURE:1cxx_thread_local
    Feature record: CXX_FEATURE:1cxx_trailing_return_types
    Feature record: CXX_FEATURE:1cxx_unicode_literals
    Feature record: CXX_FEATURE:1cxx_uniform_initialization
    Feature record: CXX_FEATURE:1cxx_unrestricted_unions
    Feature record: CXX_FEATURE:1cxx_user_literals
    Feature record: CXX_FEATURE:1cxx_variable_templates
    Feature record: CXX_FEATURE:1cxx_variadic_macros
    Feature record: CXX_FEATURE:1cxx_variadic_templates


Detecting CXX [-std=c++11] compiler features compiled with the following output:
Change Dir: /cluster/home/ajoudaki/Project2020-seq-tensor-sketching/build/CMakeFiles/CMakeTmp

Run Build Command:"/cluster/apps/sfos/bin/gmake" "cmTC_26b9e/fast"
/cluster/apps/sfos/bin/gmake -f CMakeFiles/cmTC_26b9e.dir/build.make CMakeFiles/cmTC_26b9e.dir/build
gmake[1]: Entering directory '/cluster/home/ajoudaki/Project2020-seq-tensor-sketching/build/CMakeFiles/CMakeTmp'
Building CXX object CMakeFiles/cmTC_26b9e.dir/feature_tests.cxx.o
/cluster/spack/apps/linux-centos7-x86_64/gcc-4.8.5/gcc-7.1.0-6ulpdnwxmmaxihax7m4tkbuo63dvwzfe/bin/g++    -std=c++11 -o CMakeFiles/cmTC_26b9e.dir/feature_tests.cxx.o -c /cluster/home/ajoudaki/Project2020-seq-tensor-sketching/build/CMakeFiles/feature_tests.cxx
Linking CXX executable cmTC_26b9e
/cluster/apps/gcc-7.1.0/cmake-3.13.4-rjqpqkmi6c6t6vam7hgichlw6jy3yfrj/bin/cmake -E cmake_link_script CMakeFiles/cmTC_26b9e.dir/link.txt --verbose=1
/cluster/spack/apps/linux-centos7-x86_64/gcc-4.8.5/gcc-7.1.0-6ulpdnwxmmaxihax7m4tkbuo63dvwzfe/bin/g++       CMakeFiles/cmTC_26b9e.dir/feature_tests.cxx.o  -o cmTC_26b9e 
gmake[1]: Leaving directory '/cluster/home/ajoudaki/Project2020-seq-tensor-sketching/build/CMakeFiles/CMakeTmp'


    Feature record: CXX_FEATURE:0cxx_aggregate_default_initializers
    Feature record: CXX_FEATURE:1cxx_alias_templates
    Feature record: CXX_FEATURE:1cxx_alignas
    Feature record: CXX_FEATURE:1cxx_alignof
    Feature record: CXX_FEATURE:1cxx_attributes
    Feature record: CXX_FEATURE:0cxx_attribute_deprecated
    Feature record: CXX_FEATURE:1cxx_auto_type
    Feature record: CXX_FEATURE:0cxx_binary_literals
    Feature record: CXX_FEATURE:1cxx_constexpr
    Feature record: CXX_FEATURE:0cxx_contextual_conversions
    Feature record: CXX_FEATURE:1cxx_decltype
    Feature record: CXX_FEATURE:0cxx_decltype_auto
    Feature record: CXX_FEATURE:1cxx_decltype_incomplete_return_types
    Feature record: CXX_FEATURE:1cxx_default_function_template_args
    Feature record: CXX_FEATURE:1cxx_defaulted_functions
    Feature record: CXX_FEATURE:1cxx_defaulted_move_initializers
    Feature record: CXX_FEATURE:1cxx_delegating_constructors
    Feature record: CXX_FEATURE:1cxx_deleted_functions
    Feature record: CXX_FEATURE:0cxx_digit_separators
    Feature record: CXX_FEATURE:1cxx_enum_forward_declarations
    Feature record: CXX_FEATURE:1cxx_explicit_conversions
    Feature record: CXX_FEATURE:1cxx_extended_friend_declarations
    Feature record: CXX_FEATURE:1cxx_extern_templates
    Feature record: CXX_FEATURE:1cxx_final
    Feature record: CXX_FEATURE:1cxx_func_identifier
    Feature record: CXX_FEATURE:1cxx_generalized_initializers
    Feature record: CXX_FEATURE:0cxx_generic_lambdas
    Feature record: CXX_FEATURE:1cxx_inheriting_constructors
    Feature record: CXX_FEATURE:1cxx_inline_namespaces
    Feature record: CXX_FEATURE:1cxx_lambdas
    Feature record: CXX_FEATURE:0cxx_lambda_init_captures
    Feature record: CXX_FEATURE:1cxx_local_type_template_args
    Feature record: CXX_FEATURE:1cxx_long_long_type
    Feature record: CXX_FEATURE:1cxx_noexcept
    Feature record: CXX_FEATURE:1cxx_nonstatic_member_init
    Feature record: CXX_FEATURE:1cxx_nullptr
    Feature record: CXX_FEATURE:1cxx_override
    Feature record: CXX_FEATURE:1cxx_range_for
    Feature record: CXX_FEATURE:1cxx_raw_string_literals
    Feature record: CXX_FEATURE:1cxx_reference_qualified_functions
    Feature record: CXX_FEATURE:0cxx_relaxed_constexpr
    Feature record: CXX_FEATURE:0cxx_return_type_deduction
    Feature record: CXX_FEATURE:1cxx_right_angle_brackets
    Feature record: CXX_FEATURE:1cxx_rvalue_references
    Feature record: CXX_FEATURE:1cxx_sizeof_member
    Feature record: CXX_FEATURE:1cxx_static_assert
    Feature record: CXX_FEATURE:1cxx_strong_enums
    Feature record: CXX_FEATURE:1cxx_template_template_parameters
    Feature record: CXX_FEATURE:1cxx_thread_local
    Feature record: CXX_FEATURE:1cxx_trailing_return_types
    Feature record: CXX_FEATURE:1cxx_unicode_literals
    Feature record: CXX_FEATURE:1cxx_uniform_initialization
    Feature record: CXX_FEATURE:1cxx_unrestricted_unions
    Feature record: CXX_FEATURE:1cxx_user_literals
    Feature record: CXX_FEATURE:0cxx_variable_templates
    Feature record: CXX_FEATURE:1cxx_variadic_macros
    Feature record: CXX_FEATURE:1cxx_variadic_templates


Detecting CXX [-std=c++98] compiler features compiled with the following output:
Change Dir: /cluster/home/ajoudaki/Project2020-seq-tensor-sketching/build/CMakeFiles/CMakeTmp

Run Build Command:"/cluster/apps/sfos/bin/gmake" "cmTC_37cd9/fast"
/cluster/apps/sfos/bin/gmake -f CMakeFiles/cmTC_37cd9.dir/build.make CMakeFiles/cmTC_37cd9.dir/build
gmake[1]: Entering directory '/cluster/home/ajoudaki/Project2020-seq-tensor-sketching/build/CMakeFiles/CMakeTmp'
Building CXX object CMakeFiles/cmTC_37cd9.dir/feature_tests.cxx.o
/cluster/spack/apps/linux-centos7-x86_64/gcc-4.8.5/gcc-7.1.0-6ulpdnwxmmaxihax7m4tkbuo63dvwzfe/bin/g++    -std=c++98 -o CMakeFiles/cmTC_37cd9.dir/feature_tests.cxx.o -c /cluster/home/ajoudaki/Project2020-seq-tensor-sketching/build/CMakeFiles/feature_tests.cxx
Linking CXX executable cmTC_37cd9
/cluster/apps/gcc-7.1.0/cmake-3.13.4-rjqpqkmi6c6t6vam7hgichlw6jy3yfrj/bin/cmake -E cmake_link_script CMakeFiles/cmTC_37cd9.dir/link.txt --verbose=1
/cluster/spack/apps/linux-centos7-x86_64/gcc-4.8.5/gcc-7.1.0-6ulpdnwxmmaxihax7m4tkbuo63dvwzfe/bin/g++       CMakeFiles/cmTC_37cd9.dir/feature_tests.cxx.o  -o cmTC_37cd9 
gmake[1]: Leaving directory '/cluster/home/ajoudaki/Project2020-seq-tensor-sketching/build/CMakeFiles/CMakeTmp'


    Feature record: CXX_FEATURE:0cxx_aggregate_default_initializers
    Feature record: CXX_FEATURE:0cxx_alias_templates
    Feature record: CXX_FEATURE:0cxx_alignas
    Feature record: CXX_FEATURE:0cxx_alignof
    Feature record: CXX_FEATURE:0cxx_attributes
    Feature record: CXX_FEATURE:0cxx_attribute_deprecated
    Feature record: CXX_FEATURE:0cxx_auto_type
    Feature record: CXX_FEATURE:0cxx_binary_literals
    Feature record: CXX_FEATURE:0cxx_constexpr
    Feature record: CXX_FEATURE:0cxx_contextual_conversions
    Feature record: CXX_FEATURE:0cxx_decltype
    Feature record: CXX_FEATURE:0cxx_decltype_auto
    Feature record: CXX_FEATURE:0cxx_decltype_incomplete_return_types
    Feature record: CXX_FEATURE:0cxx_default_function_template_args
    Feature record: CXX_FEATURE:0cxx_defaulted_functions
    Feature record: CXX_FEATURE:0cxx_defaulted_move_initializers
    Feature record: CXX_FEATURE:0cxx_delegating_constructors
    Feature record: CXX_FEATURE:0cxx_deleted_functions
    Feature record: CXX_FEATURE:0cxx_digit_separators
    Feature record: CXX_FEATURE:0cxx_enum_forward_declarations
    Feature record: CXX_FEATURE:0cxx_explicit_conversions
    Feature record: CXX_FEATURE:0cxx_extended_friend_declarations
    Feature record: CXX_FEATURE:0cxx_extern_templates
    Feature record: CXX_FEATURE:0cxx_final
    Feature record: CXX_FEATURE:0cxx_func_identifier
    Feature record: CXX_FEATURE:0cxx_generalized_initializers
    Feature record: CXX_FEATURE:0cxx_generic_lambdas
    Feature record: CXX_FEATURE:0cxx_inheriting_constructors
    Feature record: CXX_FEATURE:0cxx_inline_namespaces
    Feature record: CXX_FEATURE:0cxx_lambdas
    Feature record: CXX_FEATURE:0cxx_lambda_init_captures
    Feature record: CXX_FEATURE:0cxx_local_type_template_args
    Feature record: CXX_FEATURE:0cxx_long_long_type
    Feature record: CXX_FEATURE:0cxx_noexcept
    Feature record: CXX_FEATURE:0cxx_nonstatic_member_init
    Feature record: CXX_FEATURE:0cxx_nullptr
    Feature record: CXX_FEATURE:0cxx_override
    Feature record: CXX_FEATURE:0cxx_range_for
    Feature record: CXX_FEATURE:0cxx_raw_string_literals
    Feature record: CXX_FEATURE:0cxx_reference_qualified_functions
    Feature record: CXX_FEATURE:0cxx_relaxed_constexpr
    Feature record: CXX_FEATURE:0cxx_return_type_deduction
    Feature record: CXX_FEATURE:0cxx_right_angle_brackets
    Feature record: CXX_FEATURE:0cxx_rvalue_references
    Feature record: CXX_FEATURE:0cxx_sizeof_member
    Feature record: CXX_FEATURE:0cxx_static_assert
    Feature record: CXX_FEATURE:0cxx_strong_enums
    Feature record: CXX_FEATURE:1cxx_template_template_parameters
    Feature record: CXX_FEATURE:0cxx_thread_local
    Feature record: CXX_FEATURE:0cxx_trailing_return_types
    Feature record: CXX_FEATURE:0cxx_unicode_literals
    Feature record: CXX_FEATURE:0cxx_uniform_initialization
    Feature record: CXX_FEATURE:0cxx_unrestricted_unions
    Feature record: CXX_FEATURE:0cxx_user_literals
    Feature record: CXX_FEATURE:0cxx_variable_templates
    Feature record: CXX_FEATURE:0cxx_variadic_macros
    Feature record: CXX_FEATURE:0cxx_variadic_templates
